MIG: 12:58:15 : xml_input_file: board.prj
MIG: 12:58:15 : Absolute path of xml_input_file: /home/hahaha/riscv/SD_card/Aquila/test_2/aquila-master/hw/aquila_soc/aquila_soc.srcs/sources_1/bd/aquila_soc/ip/aquila_soc_mig_7series_0_0/board.prj
MIG: 12:58:15 : xml_input_file: board.prj
MIG: 12:58:15 : Absolute path of xml_input_file: /home/hahaha/riscv/SD_card/Aquila/test_2/aquila-master/hw/aquila_soc/aquila_soc.srcs/sources_1/bd/aquila_soc/ip/aquila_soc_mig_7series_0_0/board.prj
MIG: 12:58:15 : In updateAllModelParams
MIG: 12:58:15 : ################# RUNNING MIG BATCH ###################
MIG: 12:58:15 : Writing IN file for 'aquila_soc_mig_7series_0_0'...compDirPath: /tools/Xilinx5/Vivado/2018.2/data/ip/xilinx/mig_7series_v4_1... instDirPath: /home/hahaha/riscv/SD_card/Aquila/test_2/aquila-master/hw/aquila_soc/aquila_soc.srcs/sources_1/bd/aquila_soc/ip/aquila_soc_mig_7series_0_0
MIG: 12:58:15 : synp_flow:  -- synthesis_mode: Other
MIG: 12:58:15 : outputDirectory: /home/hahaha/riscv/SD_card/Aquila/test_2/aquila-master/hw/aquila_soc/aquila_soc.srcs/sources_1/bd/aquila_soc/ip/aquila_soc_mig_7series_0_0/_tmp/
MIG: 12:58:15 : vivado_mode: xpg_bd
MIG: 12:58:15 : isPortInterface: 0
MIG: 12:58:15 : isPortInterface: 0
MIG: 12:58:15 : isPortInterface: 0
MIG: 12:58:15 : isPortInterface: 0
MIG: 12:58:15 : isPortInterface: 0
MIG: 12:58:15 : isPortInterface: 0
MIG: 12:58:15 : isPortInterface: 0
MIG: 12:58:15 : isPortInterface: 0
MIG: 12:58:15 : isPortInterface: 0
MIG: 12:58:15 : isPortInterface: 0
MIG: 12:58:15 : isPortInterface: 0
MIG: 12:58:15 : isPortInterface: 0
MIG: 12:58:15 : isPortInterface: 0
MIG: 12:58:15 : isPortInterface: 0
MIG: 12:58:15 : isPortInterface: 0
MIG: 12:58:15 : isPortInterface: 0
MIG: 12:58:15 : isPortInterface: 0
MIG: 12:58:15 : isPortInterface: 0
MIG: 12:58:15 : isPortInterface: 0
MIG: 12:58:15 : isPortInterface: 0
MIG: 12:58:15 : isPortInterface: 0
MIG: 12:58:15 : isPortInterface: 0
MIG: 12:58:15 : isPortInterface: 0
MIG: 12:58:15 : isPortInterface: 0
MIG: 12:58:15 : isPortInterface: 0
MIG: 12:58:15 : isPortInterface: 0
MIG: 12:58:15 : isPortInterface: 0
MIG: 12:58:15 : isPortInterface: 0
MIG: 12:58:15 : isPortInterface: 0
MIG: 12:58:15 : isPortInterface: 0
MIG: 12:58:15 : isPortInterface: 0
MIG: 12:58:15 : isPortInterface: 0
MIG: 12:58:15 : isPortInterface: 0
MIG: 12:58:15 : isPortInterface: 0
MIG: 12:58:15 : isPortInterface: 0
MIG: 12:58:15 : isPortInterface: 0
MIG: 12:58:15 : isPortInterface: 0
MIG: 12:58:15 : isPortInterface: 0
MIG: 12:58:15 : isPortInterface: 0
MIG: 12:58:15 : isPortInterface: 0
MIG: 12:58:15 : isPortInterface: 0
MIG: 12:58:15 : isPortInterface: 0
MIG: 12:58:15 : isPortInterface: 0
MIG: 12:58:15 : isPortInterface: 0
MIG: 12:58:15 : isPortInterface: 0
MIG: 12:58:15 : isPortInterface: 0
MIG: 12:58:15 : isPortInterface: 0
MIG: 12:58:15 : isPortInterface: 0
MIG: 12:58:15 : isPortInterface: 0
MIG: 12:58:15 : isPortInterface: 0
MIG: 12:58:15 : isPortInterface: 0
MIG: 12:58:15 : isPortInterface: 0
MIG: 12:58:15 : isPortInterface: 0
MIG: 12:58:15 : isPortInterface: 0
MIG: 12:58:15 : isPortInterface: 0
MIG: 12:58:15 : isPortInterface: 0
MIG: 12:58:15 : isPortInterface: 0
MIG: 12:58:15 : isPortInterface: 0
MIG: 12:58:15 : isPortInterface: 0
MIG: 12:58:15 : isPortInterface: 0
MIG: 12:58:15 : isPortInterface: 0
MIG: 12:58:15 : isPortInterface: 0
MIG: 12:58:15 : isPortInterface: 0
MIG: 12:58:15 : isPortInterface: 0
MIG: 12:58:15 : isPortInterface: 0
MIG: 12:58:15 : isPortInterface: 0
MIG: 12:58:15 : isPortInterface: 0
MIG: 12:58:15 : isPortInterface: 0
MIG: 12:58:15 : isPortInterface: 0
MIG: 12:58:15 : isPortInterface: 0
MIG: 12:58:15 : isPortInterface: 0
MIG: 12:58:15 : isPortInterface: 0
MIG: 12:58:15 : isPortInterface: 0
MIG: 12:58:15 : isPortInterface: 0
MIG: 12:58:15 : isPortInterface: 0
MIG: 12:58:15 : isPortInterface: 0
MIG: 12:58:15 : isPortInterface: 0
MIG: 12:58:15 : isPortInterface: 0
MIG: 12:58:15 : isPortInterface: 0
MIG: 12:58:15 : isPortInterface: 0
MIG: 12:58:15 : isPortInterface: 0
MIG: 12:58:15 : isPortInterface: 0
MIG: 12:58:15 : isPortInterface: 0
MIG: 12:58:15 : isPortInterface: 0
MIG: 12:58:15 : isPortInterface: 0
MIG: 12:58:15 : isPortInterface: 0
MIG: 12:58:15 : isPortInterface: 0
MIG: 12:58:15 : isPortInterface: 0
MIG: 12:58:15 : isPortInterface: 0
MIG: 12:58:15 : isPortInterface: 0
MIG: 12:58:15 : isPortInterface: 0
MIG: 12:58:15 : isPortInterface: 0
MIG: 12:58:15 : isPortInterface: 0
MIG: 12:58:15 : isPortInterface: 0
MIG: 12:58:15 : isPortInterface: 0
MIG: 12:58:15 : isPortInterface: 0
MIG: 12:58:15 : isPortInterface: 0
MIG: 12:58:15 : isPortInterface: 0
MIG: 12:58:15 : isPortInterface: 0
MIG: 12:58:15 : isPortInterface: 0
MIG: 12:58:15 : isPortInterface: 0
MIG: 12:58:15 : isPortInterface: 0
MIG: 12:58:15 : isPortInterface: 0
MIG: 12:58:15 : isPortInterface: 0
MIG: 12:58:15 : isPortInterface: 0
MIG: 12:58:15 : isPortInterface: 0
MIG: 12:58:15 : isPortInterface: 0
MIG: 12:58:15 : isPortInterface: 0
MIG: 12:58:15 : isPortInterface: 0
MIG: 12:58:15 : isPortInterface: 0
MIG: 12:58:15 : isPortInterface: 0
MIG: 12:58:15 : isPortInterface: 0
MIG: 12:58:15 : isPortInterface: 0
MIG: 12:58:15 : isPortInterface: 0
MIG: 12:58:15 : isPortInterface: 0
MIG: 12:58:15 : isPortInterface: 0
MIG: 12:58:15 : isPortInterface: 0
MIG: 12:58:15 : isPortInterface: 0
MIG: 12:58:15 : isPortInterface: 0
MIG: 12:58:15 : isPortInterface: 0
MIG: 12:58:15 : isPortInterface: 0
MIG: 12:58:15 : isPortInterface: 0
MIG: 12:58:15 : isPortInterface: 0
MIG: 12:58:15 : isPortInterface: 0
MIG: 12:58:15 : isPortInterface: 0
MIG: 12:58:15 : isPortInterface: 0
MIG: 12:58:15 : isPortInterface: 0
MIG: 12:58:15 : isPortInterface: 0
MIG: 12:58:15 : isPortInterface: 0
MIG: 12:58:15 : isPortInterface: 0
MIG: 12:58:15 : isPortInterface: 0
MIG: 12:58:15 : isPortInterface: 0
MIG: 12:58:15 : isPortInterface: 0
MIG: 12:58:15 : isPortInterface: 0
MIG: 12:58:15 : isPortInterface: 0
MIG: 12:58:15 : isPortInterface: 0
MIG: 12:58:15 : isPortInterface: 0
MIG: 12:58:15 : isPortInterface: 0
MIG: 12:58:15 : isPortInterface: 0
MIG: 12:58:15 : isPortInterface: 0
MIG: 12:58:15 : isPortInterface: 0
MIG: 12:58:15 : isPortInterface: 0
MIG: 12:58:15 : isPortInterface: 0
MIG: 12:58:15 : isPortInterface: 0
MIG: 12:58:15 : isPortInterface: 0
MIG: 12:58:15 : isPortInterface: 0
MIG: 12:58:15 : isPortInterface: 0
MIG: 12:58:15 : isPortInterface: 0
MIG: 12:58:15 : isPortInterface: 0
MIG: 12:58:15 : isPortInterface: 0
MIG: 12:58:15 : isPortInterface: 0
MIG: 12:58:15 : isPortInterface: 0
MIG: 12:58:15 : isPortInterface: 0
MIG: 12:58:15 : isPortInterface: 0
MIG: 12:58:15 : isPortInterface: 0
MIG: 12:58:15 : isPortInterface: 0
MIG: 12:58:15 : isPortInterface: 0
MIG: 12:58:15 : isPortInterface: 0
MIG: 12:58:15 : isPortInterface: 0
MIG: 12:58:15 : isPortInterface: 0
MIG: 12:58:15 : isPortInterface: 0
MIG: 12:58:15 : isPortInterface: 0
MIG: 12:58:15 : isPortInterface: 0
MIG: 12:58:15 : isPortInterface: 0
MIG: 12:58:15 : isPortInterface: 0
MIG: 12:58:15 : isPortInterface: 0
MIG: 12:58:15 : isPortInterface: 0
MIG: 12:58:15 : isPortInterface: 0
MIG: 12:58:15 : isPortInterface: 0
MIG: 12:58:15 : isPortInterface: 0
MIG: 12:58:15 : isPortInterface: 0
MIG: 12:58:15 : isPortInterface: 0
MIG: 12:58:15 : isPortInterface: 0
MIG: 12:58:15 : isPortInterface: 0
MIG: 12:58:15 : isPortInterface: 0
MIG: 12:58:15 : isPortInterface: 0
MIG: 12:58:15 : isPortInterface: 0
MIG: 12:58:15 : isPortInterface: 0
MIG: 12:58:15 : isPortInterface: 0
MIG: 12:58:15 : isPortInterface: 0
MIG: 12:58:15 : isPortInterface: 0
MIG: 12:58:15 : isPortInterface: 0
MIG: 12:58:15 : isPortInterface: 0
MIG: 12:58:15 : isPortInterface: 0
MIG: 12:58:15 : isPortInterface: 0
MIG: 12:58:15 : isPortInterface: 0
MIG: 12:58:15 : isPortInterface: 0
MIG: 12:58:15 : isPortInterface: 0
MIG: 12:58:15 : isPortInterface: 0
MIG: 12:58:15 : isPortInterface: 0
MIG: 12:58:15 : isPortInterface: 0
MIG: 12:58:15 : isPortInterface: 0
MIG: 12:58:15 : isPortInterface: 1
MIG: 12:58:15 : isPortInterface: 0
MIG: 12:58:15 : isPortInterface: 0
MIG: 12:58:15 : isPortInterface: 0
MIG: 12:58:15 : isPortInterface: 0
MIG: 12:58:15 : isPortInterface: 0
MIG: 12:58:15 : isPortInterface: 0
MIG: 12:58:15 : isPortInterface: 0
MIG: 12:58:15 : isPortInterface: 0
MIG: 12:58:15 : isPortInterface: 0
MIG: 12:58:15 : isPortInterface: 0
MIG: 12:58:15 :  locked false  
MIG: 12:58:15 : HDL Language: Verilog
MIG: 12:58:15 : compInfo: true
MIG: 12:58:15 : Vivado Options xc7k325t ffg900 -2
MIG: 12:58:15 : 1: xc7k325t 2: ffg900 3: -2
MIG: 12:58:15 : relative mig path: coregen/ip/xilinx/other/com/xilinx/ip/mig_7series_v4_1/bin/lin64/mig
MIG: 12:58:15 : xilinx_path: /tools/Xilinx5/Vivado/2018.2/ids_lite/ISE
MIG: 12:58:15 : I am in catch area
MIG: 12:58:15 : Running /tools/Xilinx5/Vivado/2018.2/ids_lite/ISE/coregen/ip/xilinx/other/com/xilinx/ip/mig_7series_v4_1/bin/lin64/mig -cg_exc_inp /home/hahaha/riscv/SD_card/Aquila/test_2/aquila-master/hw/aquila_soc/aquila_soc.srcs/sources_1/bd/aquila_soc/ip/aquila_soc_mig_7series_0_0/xil_txt.in -cg_exc_out /home/hahaha/riscv/SD_card/Aquila/test_2/aquila-master/hw/aquila_soc/aquila_soc.srcs/sources_1/bd/aquila_soc/ip/aquila_soc_mig_7series_0_0/xil_txt.out ... 
MIG: 12:58:22 : XML_INPUT_FILE: /home/hahaha/riscv/SD_card/Aquila/test_2/aquila-master/hw/aquila_soc/aquila_soc.srcs/sources_1/bd/aquila_soc/ip/aquila_soc_mig_7series_0_0/board.prj
MIG: 12:58:22 : Component_Name: aquila_soc_mig_7series_0_0
MIG: 12:58:22 : Moving aquila_soc_mig_7series_0_0 ...
MIG: 12:58:22 : Moving aquila_soc_mig_7series_0_0_xmdf.tcl ...
MIG: 12:58:22 : Moving aquila_soc_mig_7series_0_0.veo ...
MIG: 12:58:22 : XGUI hdlLanguage: Verilog
MIG: 12:58:22 : xgui vivado_mode: xpg_bd
MIG: 12:58:22 : xgui hdlLanguage: Verilog -- hdlExt: v
MIG: 12:58:22 : Reading /home/hahaha/riscv/SD_card/Aquila/test_2/aquila-master/hw/aquila_soc/aquila_soc.srcs/sources_1/bd/aquila_soc/ip/aquila_soc_mig_7series_0_0/aquila_soc_mig_7series_0_0/user_design/rtl/aquila_soc_mig_7series_0_0_mig.v ...
MIG: 12:58:23 : 1
MIG: 12:58:23 : Inside fn mem: DDR3
MIG: 12:58:23 : detect_uiclk: 200000000
MIG: 12:58:23 : cntrl:  memtype: DDR3
MIG: 12:58:23 : 800
MIG: 12:58:23 :  MMCM_VCO single ctrl param_name: MMCM_VCO --  possibleMaxVcoVal: 800 
MIG: 12:58:23 : 
MIG: 12:58:23 : 1
MIG: 12:58:23 : 200000000
MIG: 12:58:23 : 
MIG: 12:58:23 :  polarity_value: 0
MIG: 12:58:23 : ACTIVE_HIGH
MIG: 12:58:23 : 
MIG: 12:58:23 : cntrl:  memtype: DDR3
MIG: 12:58:23 : Prasad ----: isMMCMExtraClkParam:: MMCM_CLKOUT0_EN --- "TRUE"
MIG: 12:58:23 : TRUE
MIG: 12:58:23 :  MMCM Enable Param: MMCM_CLKOUT0_EN ==> TRUE
MIG: 12:58:23 : Prasad ----: isMMCMExtraClkParam:: MMCM_CLKOUT1_EN --- "FALSE"
MIG: 12:58:23 : 
MIG: 12:58:23 :  MMCM Enable Param: MMCM_CLKOUT1_EN ==> FALSE
MIG: 12:58:23 : Prasad ----: isMMCMExtraClkParam:: MMCM_CLKOUT2_EN --- "FALSE"
MIG: 12:58:23 : 
MIG: 12:58:23 :  MMCM Enable Param: MMCM_CLKOUT2_EN ==> FALSE
MIG: 12:58:23 : Prasad ----: isMMCMExtraClkParam:: MMCM_CLKOUT3_EN --- "FALSE"
MIG: 12:58:23 : 
MIG: 12:58:23 :  MMCM Enable Param: MMCM_CLKOUT3_EN ==> FALSE
MIG: 12:58:23 : Prasad ----: isMMCMExtraClkParam:: MMCM_CLKOUT4_EN --- "FALSE"
MIG: 12:58:23 : 
MIG: 12:58:23 :  MMCM Enable Param: MMCM_CLKOUT4_EN ==> FALSE
MIG: 12:58:23 : Prasad ----: isMMCMExtraClkParam:: MMCM_CLKOUT0_DIVIDE --- 8.000
MIG: 12:58:23 : possibleMaxVcoVal:: 800 ---- paramName: MMCM_CLKOUT0_DIVIDE
MIG: 12:58:23 : 100000000
MIG: 12:58:23 :  MMCM Extra Param: MMCM_CLKOUT0_FREQ ==> 100000000
MIG: 12:58:23 : Prasad ----: isMMCMExtraClkParam:: MMCM_CLKOUT1_DIVIDE --- 1
MIG: 12:58:23 : possibleMaxVcoVal:: 800 ---- paramName: MMCM_CLKOUT1_DIVIDE
MIG: 12:58:23 : 800000000
MIG: 12:58:23 :  MMCM Extra Param: MMCM_CLKOUT1_FREQ ==> 800000000
MIG: 12:58:23 : Prasad ----: isMMCMExtraClkParam:: MMCM_CLKOUT2_DIVIDE --- 1
MIG: 12:58:23 : possibleMaxVcoVal:: 800 ---- paramName: MMCM_CLKOUT2_DIVIDE
MIG: 12:58:23 : 800000000
MIG: 12:58:23 :  MMCM Extra Param: MMCM_CLKOUT2_FREQ ==> 800000000
MIG: 12:58:23 : Prasad ----: isMMCMExtraClkParam:: MMCM_CLKOUT3_DIVIDE --- 1
MIG: 12:58:23 : possibleMaxVcoVal:: 800 ---- paramName: MMCM_CLKOUT3_DIVIDE
MIG: 12:58:23 : 800000000
MIG: 12:58:23 :  MMCM Extra Param: MMCM_CLKOUT3_FREQ ==> 800000000
MIG: 12:58:23 : Prasad ----: isMMCMExtraClkParam:: MMCM_CLKOUT4_DIVIDE --- 1
MIG: 12:58:23 : possibleMaxVcoVal:: 800 ---- paramName: MMCM_CLKOUT4_DIVIDE
MIG: 12:58:23 : 800000000
MIG: 12:58:23 :  MMCM Extra Param: MMCM_CLKOUT4_FREQ ==> 800000000
MIG: 12:58:23 : 
MIG: 12:58:23 :  Valid Param: DDR3_BANK_WIDTH ==> 3
MIG: 12:58:23 : 
MIG: 12:58:23 :  Valid Param: DDR3_CK_WIDTH ==> 1
MIG: 12:58:23 :  Invalid Param: DDR3_COL_WIDTH ==> 10
MIG: 12:58:23 : 
MIG: 12:58:23 :  Valid Param: DDR3_CS_WIDTH ==> 1
MIG: 12:58:23 : 
MIG: 12:58:23 :  Valid Param: DDR3_nCS_PER_RANK ==> 1
MIG: 12:58:23 : 
MIG: 12:58:23 :  Valid Param: DDR3_CKE_WIDTH ==> 1
MIG: 12:58:23 :  Invalid Param: DDR3_DATA_BUF_ADDR_WIDTH ==> 5
MIG: 12:58:23 :  Invalid Param: DDR3_DQ_CNT_WIDTH ==> 6
MIG: 12:58:23 :  Invalid Param: DDR3_DQ_PER_DM ==> 8
MIG: 12:58:23 : 8
MIG: 12:58:23 :  Valid Param: DDR3_DM_WIDTH ==> 8
MIG: 12:58:23 : 64
MIG: 12:58:23 :  Valid Param: DDR3_DQ_WIDTH ==> 64
MIG: 12:58:23 : 8
MIG: 12:58:23 :  Valid Param: DDR3_DQS_WIDTH ==> 8
MIG: 12:58:23 : 3
MIG: 12:58:23 :  Valid Param: DDR3_DQS_CNT_WIDTH ==> 3
MIG: 12:58:23 :  Invalid Param: DDR3_DRAM_WIDTH ==> 8
MIG: 12:58:23 : 
MIG: 12:58:23 :  Valid Param: ECC ==> OFF
MIG: 12:58:23 : 64
MIG: 12:58:23 :  Valid Param: DDR3_DATA_WIDTH ==> 64
MIG: 12:58:23 :  Invalid Param: ECC_TEST ==> "OFF"
MIG: 12:58:23 :  Invalid Param: DDR3_PAYLOAD_WIDTH ==> (ECC_TEST == "OFF") ? DATA_WIDTH : DQ_WIDTH
MIG: 12:58:23 :  Invalid Param: DDR3_MEM_ADDR_ORDER ==> "BANK_ROW_COLUMN"
MIG: 12:58:23 :  Invalid Param: DDR3_nBANK_MACHS ==> 4
MIG: 12:58:23 :  Invalid Param: DDR3_RANKS ==> 1
MIG: 12:58:23 : 
MIG: 12:58:23 :  Valid Param: DDR3_ODT_WIDTH ==> 1
MIG: 12:58:23 : 
MIG: 12:58:23 :  Valid Param: DDR3_ROW_WIDTH ==> 14
MIG: 12:58:23 : 28
MIG: 12:58:23 :  Valid Param: DDR3_ADDR_WIDTH ==> 28
MIG: 12:58:23 : 
MIG: 12:58:23 :  Valid Param: DDR3_USE_CS_PORT ==> 1
MIG: 12:58:23 : 
MIG: 12:58:23 :  Valid Param: DDR3_USE_DM_PORT ==> 1
MIG: 12:58:23 : 
MIG: 12:58:23 :  Valid Param: DDR3_USE_ODT_PORT ==> 1
MIG: 12:58:23 :  Invalid Param: DDR3_IS_CLK_SHARED ==> "FALSE"
MIG: 12:58:23 :  Invalid Param: DDR3_PHY_CONTROL_MASTER_BANK ==> 1
MIG: 12:58:23 :  Invalid Param: DDR3_MEM_DENSITY ==> "1Gb"
MIG: 12:58:23 :  Invalid Param: DDR3_MEM_SPEEDGRADE ==> "125"
MIG: 12:58:23 :  Invalid Param: DDR3_MEM_DEVICE_WIDTH ==> 8
MIG: 12:58:23 :  Invalid Param: DDR3_AL ==> "0"
MIG: 12:58:23 :  Invalid Param: DDR3_nAL ==> 0
MIG: 12:58:23 :  Invalid Param: DDR3_BURST_MODE ==> "8"
MIG: 12:58:23 :  Invalid Param: DDR3_BURST_TYPE ==> "SEQ"
MIG: 12:58:23 :  Invalid Param: DDR3_CL ==> 11
MIG: 12:58:23 :  Invalid Param: DDR3_CWL ==> 8
MIG: 12:58:23 :  Invalid Param: DDR3_OUTPUT_DRV ==> "HIGH"
MIG: 12:58:23 :  Invalid Param: DDR3_RTT_NOM ==> "40"
MIG: 12:58:23 :  Invalid Param: DDR3_RTT_WR ==> "OFF"
MIG: 12:58:23 :  Invalid Param: DDR3_ADDR_CMD_MODE ==> "1T"
MIG: 12:58:23 : 
MIG: 12:58:23 :  Valid Param: DDR3_REG_CTRL ==> OFF
MIG: 12:58:23 :  Invalid Param: DDR3_CA_MIRROR ==> "OFF"
MIG: 12:58:23 :  Invalid Param: DDR3_VDD_OP_VOLT ==> "150"
MIG: 12:58:23 :  Invalid Param: DDR3_CLKIN_PERIOD ==> 5000
MIG: 12:58:23 :  Invalid Param: DDR3_CLKFBOUT_MULT ==> 8
MIG: 12:58:23 :  Invalid Param: DDR3_DIVCLK_DIVIDE ==> 1
MIG: 12:58:23 :  Invalid Param: DDR3_CLKOUT0_PHASE ==> 337.5
MIG: 12:58:23 :  Invalid Param: DDR3_CLKOUT0_DIVIDE ==> 2
MIG: 12:58:23 :  Invalid Param: DDR3_CLKOUT1_DIVIDE ==> 2
MIG: 12:58:23 :  Invalid Param: DDR3_CLKOUT2_DIVIDE ==> 32
MIG: 12:58:23 :  Invalid Param: DDR3_CLKOUT3_DIVIDE ==> 8
MIG: 12:58:23 :  Invalid Param: DDR3_MMCM_VCO ==> 800
MIG: 12:58:23 :  Invalid Param: DDR3_MMCM_MULT_F ==> 4
MIG: 12:58:23 :  Invalid Param: DDR3_MMCM_DIVCLK_DIVIDE ==> 1
MIG: 12:58:23 :  Invalid Param: DDR3_MMCM_CLKOUT0_EN ==> "TRUE"
MIG: 12:58:23 :  Invalid Param: DDR3_MMCM_CLKOUT1_EN ==> "FALSE"
MIG: 12:58:23 :  Invalid Param: DDR3_MMCM_CLKOUT2_EN ==> "FALSE"
MIG: 12:58:23 :  Invalid Param: DDR3_MMCM_CLKOUT3_EN ==> "FALSE"
MIG: 12:58:23 :  Invalid Param: DDR3_MMCM_CLKOUT4_EN ==> "FALSE"
MIG: 12:58:23 :  Invalid Param: DDR3_MMCM_CLKOUT0_DIVIDE ==> 8.000
MIG: 12:58:23 :  Invalid Param: DDR3_MMCM_CLKOUT1_DIVIDE ==> 1
MIG: 12:58:23 :  Invalid Param: DDR3_MMCM_CLKOUT2_DIVIDE ==> 1
MIG: 12:58:23 :  Invalid Param: DDR3_MMCM_CLKOUT3_DIVIDE ==> 1
MIG: 12:58:23 :  Invalid Param: DDR3_MMCM_CLKOUT4_DIVIDE ==> 1
MIG: 12:58:23 :  Invalid Param: DDR3_tCKE ==> 5000
MIG: 12:58:23 :  Invalid Param: DDR3_tFAW ==> 30000
MIG: 12:58:23 :  Invalid Param: DDR3_tPRDI ==> 1_000_000
MIG: 12:58:23 :  Invalid Param: DDR3_tRAS ==> 35000
MIG: 12:58:23 :  Invalid Param: DDR3_tRCD ==> 13125
MIG: 12:58:23 :  Invalid Param: DDR3_tREFI ==> 7800000
MIG: 12:58:23 :  Invalid Param: DDR3_tRFC ==> 110000
MIG: 12:58:23 :  Invalid Param: DDR3_tRP ==> 13125
MIG: 12:58:23 :  Invalid Param: DDR3_tRRD ==> 6000
MIG: 12:58:23 :  Invalid Param: DDR3_tRTP ==> 7500
MIG: 12:58:23 :  Invalid Param: DDR3_tWTR ==> 7500
MIG: 12:58:23 :  Invalid Param: DDR3_tZQI ==> 128_000_000
MIG: 12:58:23 :  Invalid Param: DDR3_tZQCS ==> 64
MIG: 12:58:23 :  Invalid Param: DDR3_SIM_BYPASS_INIT_CAL ==> "OFF"
MIG: 12:58:23 :  Invalid Param: DDR3_SIMULATION ==> "FALSE"
MIG: 12:58:23 :  Invalid Param: DDR3_BYTE_LANES_B0 ==> 4'b1111
MIG: 12:58:23 :  Invalid Param: DDR3_BYTE_LANES_B1 ==> 4'b0111
MIG: 12:58:23 :  Invalid Param: DDR3_BYTE_LANES_B2 ==> 4'b1111
MIG: 12:58:23 :  Invalid Param: DDR3_BYTE_LANES_B3 ==> 4'b0000
MIG: 12:58:23 :  Invalid Param: DDR3_BYTE_LANES_B4 ==> 4'b0000
MIG: 12:58:23 :  Invalid Param: DDR3_DATA_CTL_B0 ==> 4'b1111
MIG: 12:58:23 :  Invalid Param: DDR3_DATA_CTL_B1 ==> 4'b0000
MIG: 12:58:23 :  Invalid Param: DDR3_DATA_CTL_B2 ==> 4'b1111
MIG: 12:58:23 :  Invalid Param: DDR3_DATA_CTL_B3 ==> 4'b0000
MIG: 12:58:23 :  Invalid Param: DDR3_DATA_CTL_B4 ==> 4'b0000
MIG: 12:58:23 :  Invalid Param: DDR3_PHY_0_BITLANES ==> 48'h3FE_3FE_3FE_2FF
MIG: 12:58:23 :  Invalid Param: DDR3_PHY_1_BITLANES ==> 48'h000_CB0_473_FFF
MIG: 12:58:23 :  Invalid Param: DDR3_PHY_2_BITLANES ==> 48'h3FE_3FE_3FE_2FF
MIG: 12:58:23 :  Invalid Param: DDR3_CK_BYTE_MAP ==> 144'h00_00_00_00_00_00_00_00_00_00_00_00_00_00_00_00_00_11
MIG: 12:58:23 :  Invalid Param: DDR3_ADDR_MAP ==> 192'h000_000_111_110_109_108_107_106_10B_10A_105_104_103_102_101_100
MIG: 12:58:23 :  Invalid Param: DDR3_BANK_MAP ==> 36'h11A_115_114
MIG: 12:58:23 :  Invalid Param: DDR3_CAS_MAP ==> 12'h12A
MIG: 12:58:23 :  Invalid Param: DDR3_CKE_ODT_BYTE_MAP ==> 8'h00
MIG: 12:58:23 :  Invalid Param: DDR3_CKE_MAP ==> 96'h000_000_000_000_000_000_000_116
MIG: 12:58:23 :  Invalid Param: DDR3_ODT_MAP ==> 96'h000_000_000_000_000_000_000_127
MIG: 12:58:23 :  Invalid Param: DDR3_CS_MAP ==> 120'h000_000_000_000_000_000_000_000_000_12B
MIG: 12:58:23 :  Invalid Param: DDR3_PARITY_MAP ==> 12'h000
MIG: 12:58:23 :  Invalid Param: DDR3_RAS_MAP ==> 12'h125
MIG: 12:58:23 :  Invalid Param: DDR3_WE_MAP ==> 12'h124
MIG: 12:58:23 :  Invalid Param: DDR3_DQS_BYTE_MAP ==> 144'h00_00_00_00_00_00_00_00_00_00_03_02_01_00_23_22_21_20
MIG: 12:58:23 :  Invalid Param: DDR3_DATA0_MAP ==> 96'h200_209_206_203_204_205_202_207
MIG: 12:58:23 :  Invalid Param: DDR3_DATA1_MAP ==> 96'h219_218_214_215_217_212_216_213
MIG: 12:58:23 :  Invalid Param: DDR3_DATA2_MAP ==> 96'h225_224_229_226_223_222_228_227
MIG: 12:58:23 :  Invalid Param: DDR3_DATA3_MAP ==> 96'h238_236_234_233_235_237_232_239
MIG: 12:58:23 :  Invalid Param: DDR3_DATA4_MAP ==> 96'h005_003_000_009_007_006_004_002
MIG: 12:58:23 :  Invalid Param: DDR3_DATA5_MAP ==> 96'h013_012_018_019_015_014_017_016
MIG: 12:58:23 :  Invalid Param: DDR3_DATA6_MAP ==> 96'h023_027_022_029_024_025_028_026
MIG: 12:58:23 :  Invalid Param: DDR3_DATA7_MAP ==> 96'h039_037_033_032_035_034_038_036
MIG: 12:58:23 :  Invalid Param: DDR3_DATA8_MAP ==> 96'h000_000_000_000_000_000_000_000
MIG: 12:58:23 :  Invalid Param: DDR3_DATA9_MAP ==> 96'h000_000_000_000_000_000_000_000
MIG: 12:58:23 :  Invalid Param: DDR3_DATA10_MAP ==> 96'h000_000_000_000_000_000_000_000
MIG: 12:58:23 :  Invalid Param: DDR3_DATA11_MAP ==> 96'h000_000_000_000_000_000_000_000
MIG: 12:58:23 :  Invalid Param: DDR3_DATA12_MAP ==> 96'h000_000_000_000_000_000_000_000
MIG: 12:58:23 :  Invalid Param: DDR3_DATA13_MAP ==> 96'h000_000_000_000_000_000_000_000
MIG: 12:58:23 :  Invalid Param: DDR3_DATA14_MAP ==> 96'h000_000_000_000_000_000_000_000
MIG: 12:58:23 :  Invalid Param: DDR3_DATA15_MAP ==> 96'h000_000_000_000_000_000_000_000
MIG: 12:58:23 :  Invalid Param: DDR3_DATA16_MAP ==> 96'h000_000_000_000_000_000_000_000
MIG: 12:58:23 :  Invalid Param: DDR3_DATA17_MAP ==> 96'h000_000_000_000_000_000_000_000
MIG: 12:58:23 :  Invalid Param: DDR3_MASK0_MAP ==> 108'h000_031_021_011_001_231_221_211_201
MIG: 12:58:23 :  Invalid Param: DDR3_MASK1_MAP ==> 108'h000_000_000_000_000_000_000_000_000
MIG: 12:58:23 :  Invalid Param: DDR3_SLOT_0_CONFIG ==> 8'b0000_0001
MIG: 12:58:23 :  Invalid Param: DDR3_SLOT_1_CONFIG ==> 8'b0000_0000
MIG: 12:58:23 :  Invalid Param: DDR3_IBUF_LPWR_MODE ==> "OFF"
MIG: 12:58:23 :  Invalid Param: DDR3_DATA_IO_IDLE_PWRDWN ==> "ON"
MIG: 12:58:23 :  Invalid Param: DDR3_BANK_TYPE ==> "HP_IO"
MIG: 12:58:23 :  Invalid Param: DDR3_DATA_IO_PRIM_TYPE ==> "HP_LP"
MIG: 12:58:23 :  Invalid Param: DDR3_CKE_ODT_AUX ==> "FALSE"
MIG: 12:58:23 :  Invalid Param: DDR3_USER_REFRESH ==> "OFF"
MIG: 12:58:23 :  Invalid Param: DDR3_WRLVL ==> "ON"
MIG: 12:58:23 :  Invalid Param: DDR3_ORDERING ==> "NORM"
MIG: 12:58:23 :  Invalid Param: DDR3_CALIB_ROW_ADD ==> 16'h0000
MIG: 12:58:23 :  Invalid Param: DDR3_CALIB_COL_ADD ==> 12'h000
MIG: 12:58:23 :  Invalid Param: DDR3_CALIB_BA_ADD ==> 3'h0
MIG: 12:58:23 :  Invalid Param: DDR3_TCQ ==> 100
MIG: 12:58:23 :  Invalid Param: DDR3_IDELAY_ADJ ==> "ON"
MIG: 12:58:23 :  Invalid Param: DDR3_FINE_PER_BIT ==> "ON"
MIG: 12:58:23 :  Invalid Param: DDR3_CENTER_COMP_MODE ==> "ON"
MIG: 12:58:23 :  Invalid Param: DDR3_PI_VAL_ADJ ==> "ON"
MIG: 12:58:23 :  Invalid Param: DDR3_IODELAY_GRP0 ==> "AQUILA_SOC_MIG_7SERIES_0_0_IODELAY_MIG0"
MIG: 12:58:23 :  Invalid Param: DDR3_IODELAY_GRP1 ==> "AQUILA_SOC_MIG_7SERIES_0_0_IODELAY_MIG1"
MIG: 12:58:23 :  Invalid Param: DDR3_SYSCLK_TYPE ==> "DIFFERENTIAL"
MIG: 12:58:23 :  Invalid Param: DDR3_REFCLK_TYPE ==> "USE_SYSTEM_CLOCK"
MIG: 12:58:23 :  Invalid Param: DDR3_SYS_RST_PORT ==> "FALSE"
MIG: 12:58:23 :  Invalid Param: DDR3_FPGA_SPEED_GRADE ==> 2
MIG: 12:58:23 :  Invalid Param: DDR3_CMD_PIPE_PLUS1 ==> "ON"
MIG: 12:58:23 :  Invalid Param: DDR3_DRAM_TYPE ==> "DDR3"
MIG: 12:58:23 :  Invalid Param: DDR3_CAL_WIDTH ==> "HALF"
MIG: 12:58:23 :  Invalid Param: DDR3_STARVE_LIMIT ==> 2
MIG: 12:58:23 :  Invalid Param: DDR3_REF_CLK_MMCM_IODELAY_CTRL ==> "TRUE"
MIG: 12:58:23 :  Invalid Param: DDR3_REFCLK_FREQ ==> 200.0
MIG: 12:58:23 :  Invalid Param: DDR3_DIFF_TERM_REFCLK ==> "TRUE"
MIG: 12:58:23 :  Invalid Param: DDR3_tCK ==> 1250
MIG: 12:58:23 : 4
MIG: 12:58:23 :  Valid Param: DDR3_nCK_PER_CLK ==> 4
MIG: 12:58:23 :  Invalid Param: DDR3_DIFF_TERM_SYSCLK ==> "FALSE"
MIG: 12:58:23 : TRUE
MIG: 12:58:23 :  Valid Param: UI_EXTRA_CLOCKS ==> TRUE
MIG: 12:58:23 : 1
MIG: 12:58:23 :  Valid Param: C_S_AXI_ID_WIDTH ==> 1
MIG: 12:58:23 : 1073741824
MIG: 12:58:23 :  Valid Param: C_S_AXI_MEM_SIZE ==> 1073741824
MIG: 12:58:23 : 
MIG: 12:58:23 :  Valid Param: C_S_AXI_ADDR_WIDTH ==> 32
MIG: 12:58:23 : 512
MIG: 12:58:23 :  Valid Param: C_S_AXI_DATA_WIDTH ==> 512
MIG: 12:58:23 :  Invalid Param: DDR3_C_MC_nCK_PER_CLK ==> 4
MIG: 12:58:23 :  Invalid Param: C_S_AXI_SUPPORTS_NARROW_BURST ==> 0
MIG: 12:58:23 :  Invalid Param: DDR3_C_RD_WR_ARB_ALGORITHM ==> "RD_PRI_REG"
MIG: 12:58:23 :  Invalid Param: C_S_AXI_REG_EN0 ==> 20'h00000
MIG: 12:58:23 :  Invalid Param: C_S_AXI_REG_EN1 ==> 20'h00000
MIG: 12:58:23 : 
MIG: 12:58:23 :  Valid Param: C_S_AXI_CTRL_ADDR_WIDTH ==> 32
MIG: 12:58:23 : 
MIG: 12:58:23 :  Valid Param: C_S_AXI_CTRL_DATA_WIDTH ==> 32
MIG: 12:58:23 :  Invalid Param: C_S_AXI_BASEADDR ==> 32'h0000_0000
MIG: 12:58:23 :  Invalid Param: C_ECC_ONOFF_RESET_VALUE ==> 1
MIG: 12:58:23 :  Invalid Param: C_ECC_CE_COUNTER_WIDTH ==> 8
MIG: 12:58:23 : 
MIG: 12:58:23 :  Valid Param: DDR3_DEBUG_PORT ==> OFF
MIG: 12:58:23 : 
MIG: 12:58:23 :  Invalid Param: DDR3_TEMP_MON_CONTROL ==> "INTERNAL"
MIG: 12:58:23 :  Invalid Param: DDR3_FPGA_VOLT_TYPE ==> "N"
MIG: 12:58:23 :  Invalid Param: DDR3_RST_ACT_LOW ==> 0
MIG: 12:58:23 : 
MIG: 12:58:23 : NONE
MIG: 12:58:23 : 
MIG: 12:58:23 : Same Interface
MIG: 13:01:32 : Running synthesis.xit
MIG: 13:01:32 : IGN:     <ModuleName>sys_mb_ddr3_mig_1_1_0</ModuleName> <==>     <ModuleName>aquila_soc_mig_7series_0_0</ModuleName> 
MIG: 13:01:32 : ERR:     <Version>1.9</Version> <==>     <Version>4.1</Version> 
MIG: 13:01:32 : ################# RUNNING MIG BATCH ###################
MIG: 13:01:32 : Writing IN file for 'aquila_soc_mig_7series_0_0'...compDirPath: /tools/Xilinx5/Vivado/2018.2/data/ip/xilinx/mig_7series_v4_1... instDirPath: /home/hahaha/riscv/SD_card/Aquila/test_2/aquila-master/hw/aquila_soc/aquila_soc.srcs/sources_1/bd/aquila_soc/ip/aquila_soc_mig_7series_0_0
MIG: 13:01:32 : synp_flow:  -- synthesis_mode: Other
MIG: 13:01:32 : outputDirectory: /home/hahaha/riscv/SD_card/Aquila/test_2/aquila-master/hw/aquila_soc/aquila_soc.srcs/sources_1/bd/aquila_soc/ip/aquila_soc_mig_7series_0_0/_tmp/
MIG: 13:01:32 : vivado_mode: xpg_bd
MIG: 13:01:32 : isPortInterface: 0
MIG: 13:01:32 : isPortInterface: 0
MIG: 13:01:32 : isPortInterface: 0
MIG: 13:01:32 : isPortInterface: 0
MIG: 13:01:32 : isPortInterface: 0
MIG: 13:01:32 : isPortInterface: 0
MIG: 13:01:32 : isPortInterface: 0
MIG: 13:01:32 : isPortInterface: 0
MIG: 13:01:32 : isPortInterface: 0
MIG: 13:01:32 : isPortInterface: 0
MIG: 13:01:32 : isPortInterface: 0
MIG: 13:01:32 : isPortInterface: 0
MIG: 13:01:32 : isPortInterface: 0
MIG: 13:01:32 : isPortInterface: 0
MIG: 13:01:32 : isPortInterface: 0
MIG: 13:01:32 : isPortInterface: 0
MIG: 13:01:32 : isPortInterface: 0
MIG: 13:01:32 : isPortInterface: 0
MIG: 13:01:32 : isPortInterface: 0
MIG: 13:01:32 : isPortInterface: 0
MIG: 13:01:32 : isPortInterface: 0
MIG: 13:01:32 : isPortInterface: 0
MIG: 13:01:32 : isPortInterface: 0
MIG: 13:01:32 : isPortInterface: 0
MIG: 13:01:32 : isPortInterface: 0
MIG: 13:01:32 : isPortInterface: 0
MIG: 13:01:32 : isPortInterface: 0
MIG: 13:01:32 : isPortInterface: 0
MIG: 13:01:32 : isPortInterface: 0
MIG: 13:01:32 : isPortInterface: 0
MIG: 13:01:32 : isPortInterface: 0
MIG: 13:01:32 : isPortInterface: 0
MIG: 13:01:32 : isPortInterface: 0
MIG: 13:01:32 : isPortInterface: 0
MIG: 13:01:32 : isPortInterface: 0
MIG: 13:01:32 : isPortInterface: 0
MIG: 13:01:32 : isPortInterface: 0
MIG: 13:01:32 : isPortInterface: 0
MIG: 13:01:32 : isPortInterface: 0
MIG: 13:01:32 : isPortInterface: 0
MIG: 13:01:32 : isPortInterface: 0
MIG: 13:01:32 : isPortInterface: 0
MIG: 13:01:32 : isPortInterface: 0
MIG: 13:01:32 : isPortInterface: 0
MIG: 13:01:32 : isPortInterface: 0
MIG: 13:01:32 : isPortInterface: 0
MIG: 13:01:32 : isPortInterface: 0
MIG: 13:01:32 : isPortInterface: 0
MIG: 13:01:32 : isPortInterface: 0
MIG: 13:01:32 : isPortInterface: 0
MIG: 13:01:32 : isPortInterface: 0
MIG: 13:01:32 : isPortInterface: 0
MIG: 13:01:32 : isPortInterface: 0
MIG: 13:01:32 : isPortInterface: 0
MIG: 13:01:32 : isPortInterface: 0
MIG: 13:01:32 : isPortInterface: 0
MIG: 13:01:32 : isPortInterface: 0
MIG: 13:01:32 : isPortInterface: 0
MIG: 13:01:32 : isPortInterface: 0
MIG: 13:01:32 : isPortInterface: 0
MIG: 13:01:32 : isPortInterface: 0
MIG: 13:01:32 : isPortInterface: 0
MIG: 13:01:32 : isPortInterface: 0
MIG: 13:01:32 : isPortInterface: 0
MIG: 13:01:32 : isPortInterface: 0
MIG: 13:01:32 : isPortInterface: 0
MIG: 13:01:32 : isPortInterface: 0
MIG: 13:01:32 : isPortInterface: 0
MIG: 13:01:32 : isPortInterface: 0
MIG: 13:01:32 : isPortInterface: 0
MIG: 13:01:32 : isPortInterface: 0
MIG: 13:01:32 : isPortInterface: 0
MIG: 13:01:32 : isPortInterface: 0
MIG: 13:01:32 : isPortInterface: 0
MIG: 13:01:32 : isPortInterface: 0
MIG: 13:01:32 : isPortInterface: 0
MIG: 13:01:32 : isPortInterface: 0
MIG: 13:01:32 : isPortInterface: 0
MIG: 13:01:32 : isPortInterface: 0
MIG: 13:01:32 : isPortInterface: 0
MIG: 13:01:32 : isPortInterface: 0
MIG: 13:01:32 : isPortInterface: 0
MIG: 13:01:32 : isPortInterface: 0
MIG: 13:01:32 : isPortInterface: 0
MIG: 13:01:32 : isPortInterface: 0
MIG: 13:01:32 : isPortInterface: 0
MIG: 13:01:32 : isPortInterface: 0
MIG: 13:01:32 : isPortInterface: 0
MIG: 13:01:32 : isPortInterface: 0
MIG: 13:01:32 : isPortInterface: 0
MIG: 13:01:32 : isPortInterface: 0
MIG: 13:01:32 : isPortInterface: 0
MIG: 13:01:32 : isPortInterface: 0
MIG: 13:01:32 : isPortInterface: 0
MIG: 13:01:32 : isPortInterface: 0
MIG: 13:01:32 : isPortInterface: 0
MIG: 13:01:32 : isPortInterface: 0
MIG: 13:01:32 : isPortInterface: 0
MIG: 13:01:32 : isPortInterface: 0
MIG: 13:01:32 : isPortInterface: 0
MIG: 13:01:32 : isPortInterface: 0
MIG: 13:01:32 : isPortInterface: 0
MIG: 13:01:32 : isPortInterface: 0
MIG: 13:01:32 : isPortInterface: 0
MIG: 13:01:32 : isPortInterface: 0
MIG: 13:01:32 : isPortInterface: 0
MIG: 13:01:32 : isPortInterface: 0
MIG: 13:01:32 : isPortInterface: 0
MIG: 13:01:32 : isPortInterface: 0
MIG: 13:01:32 : isPortInterface: 0
MIG: 13:01:32 : isPortInterface: 0
MIG: 13:01:32 : isPortInterface: 0
MIG: 13:01:32 : isPortInterface: 0
MIG: 13:01:32 : isPortInterface: 0
MIG: 13:01:32 : isPortInterface: 0
MIG: 13:01:32 : isPortInterface: 0
MIG: 13:01:32 : isPortInterface: 0
MIG: 13:01:32 : isPortInterface: 0
MIG: 13:01:32 : isPortInterface: 0
MIG: 13:01:32 : isPortInterface: 0
MIG: 13:01:32 : isPortInterface: 0
MIG: 13:01:32 : isPortInterface: 0
MIG: 13:01:32 : isPortInterface: 0
MIG: 13:01:32 : isPortInterface: 0
MIG: 13:01:32 : isPortInterface: 0
MIG: 13:01:32 : isPortInterface: 0
MIG: 13:01:32 : isPortInterface: 0
MIG: 13:01:32 : isPortInterface: 0
MIG: 13:01:32 : isPortInterface: 0
MIG: 13:01:32 : isPortInterface: 0
MIG: 13:01:32 : isPortInterface: 0
MIG: 13:01:32 : isPortInterface: 0
MIG: 13:01:32 : isPortInterface: 0
MIG: 13:01:32 : isPortInterface: 0
MIG: 13:01:32 : isPortInterface: 0
MIG: 13:01:32 : isPortInterface: 0
MIG: 13:01:32 : isPortInterface: 0
MIG: 13:01:32 : isPortInterface: 0
MIG: 13:01:32 : isPortInterface: 0
MIG: 13:01:32 : isPortInterface: 0
MIG: 13:01:32 : isPortInterface: 0
MIG: 13:01:32 : isPortInterface: 0
MIG: 13:01:32 : isPortInterface: 0
MIG: 13:01:32 : isPortInterface: 0
MIG: 13:01:32 : isPortInterface: 0
MIG: 13:01:32 : isPortInterface: 0
MIG: 13:01:32 : isPortInterface: 0
MIG: 13:01:32 : isPortInterface: 0
MIG: 13:01:32 : isPortInterface: 0
MIG: 13:01:32 : isPortInterface: 0
MIG: 13:01:32 : isPortInterface: 0
MIG: 13:01:32 : isPortInterface: 0
MIG: 13:01:32 : isPortInterface: 0
MIG: 13:01:32 : isPortInterface: 0
MIG: 13:01:32 : isPortInterface: 0
MIG: 13:01:32 : isPortInterface: 0
MIG: 13:01:32 : isPortInterface: 0
MIG: 13:01:32 : isPortInterface: 0
MIG: 13:01:32 : isPortInterface: 0
MIG: 13:01:32 : isPortInterface: 0
MIG: 13:01:32 : isPortInterface: 0
MIG: 13:01:32 : isPortInterface: 0
MIG: 13:01:32 : isPortInterface: 0
MIG: 13:01:32 : isPortInterface: 0
MIG: 13:01:32 : isPortInterface: 0
MIG: 13:01:32 : isPortInterface: 0
MIG: 13:01:32 : isPortInterface: 0
MIG: 13:01:32 : isPortInterface: 0
MIG: 13:01:32 : isPortInterface: 0
MIG: 13:01:32 : isPortInterface: 0
MIG: 13:01:32 : isPortInterface: 0
MIG: 13:01:32 : isPortInterface: 0
MIG: 13:01:32 : isPortInterface: 0
MIG: 13:01:32 : isPortInterface: 0
MIG: 13:01:32 : isPortInterface: 0
MIG: 13:01:32 : isPortInterface: 0
MIG: 13:01:32 : isPortInterface: 0
MIG: 13:01:32 : isPortInterface: 0
MIG: 13:01:32 : isPortInterface: 0
MIG: 13:01:32 : isPortInterface: 0
MIG: 13:01:32 : isPortInterface: 0
MIG: 13:01:32 : isPortInterface: 0
MIG: 13:01:32 : isPortInterface: 0
MIG: 13:01:32 : isPortInterface: 0
MIG: 13:01:32 : isPortInterface: 0
MIG: 13:01:32 : isPortInterface: 0
MIG: 13:01:32 : isPortInterface: 0
MIG: 13:01:32 : isPortInterface: 0
MIG: 13:01:32 : isPortInterface: 0
MIG: 13:01:32 : isPortInterface: 0
MIG: 13:01:32 : isPortInterface: 0
MIG: 13:01:32 : isPortInterface: 0
MIG: 13:01:32 : isPortInterface: 1
MIG: 13:01:32 : isPortInterface: 0
MIG: 13:01:32 : isPortInterface: 0
MIG: 13:01:32 : isPortInterface: 0
MIG: 13:01:32 : isPortInterface: 0
MIG: 13:01:32 : isPortInterface: 0
MIG: 13:01:32 : isPortInterface: 0
MIG: 13:01:32 : isPortInterface: 0
MIG: 13:01:32 : isPortInterface: 0
MIG: 13:01:32 : isPortInterface: 0
MIG: 13:01:32 : isPortInterface: 0
MIG: 13:01:32 :  locked false  
MIG: 13:01:32 : HDL Language: Verilog
MIG: 13:01:32 : compInfo: false
MIG: 13:01:32 : Vivado Options xc7k325t ffg900 -2
MIG: 13:01:32 : 1: xc7k325t 2: ffg900 3: -2
MIG: 13:01:32 : relative mig path: coregen/ip/xilinx/other/com/xilinx/ip/mig_7series_v4_1/bin/lin64/mig
MIG: 13:01:32 : xilinx_path: /tools/Xilinx5/Vivado/2018.2/ids_lite/ISE
MIG: 13:01:32 : I am in catch area
MIG: 13:01:32 : Running /tools/Xilinx5/Vivado/2018.2/ids_lite/ISE/coregen/ip/xilinx/other/com/xilinx/ip/mig_7series_v4_1/bin/lin64/mig -cg_exc_inp /home/hahaha/riscv/SD_card/Aquila/test_2/aquila-master/hw/aquila_soc/aquila_soc.srcs/sources_1/bd/aquila_soc/ip/aquila_soc_mig_7series_0_0/xil_txt.in -cg_exc_out /home/hahaha/riscv/SD_card/Aquila/test_2/aquila-master/hw/aquila_soc/aquila_soc.srcs/sources_1/bd/aquila_soc/ip/aquila_soc_mig_7series_0_0/xil_txt.out ... 
MIG: 13:01:39 : XML_INPUT_FILE: /home/hahaha/riscv/SD_card/Aquila/test_2/aquila-master/hw/aquila_soc/aquila_soc.srcs/sources_1/bd/aquila_soc/ip/aquila_soc_mig_7series_0_0/board.prj
MIG: 13:01:39 : Component_Name: aquila_soc_mig_7series_0_0
MIG: 13:01:39 : Moving aquila_soc_mig_7series_0_0 ...
MIG: 13:01:39 : Moving aquila_soc_mig_7series_0_0_xmdf.tcl ...
MIG: 13:01:39 : Moving aquila_soc_mig_7series_0_0.veo ...
MIG: 13:01:39 : Running vlog_synth_rpr.xit
MIG: 13:01:39 : IGN:     <ModuleName>sys_mb_ddr3_mig_1_1_0</ModuleName> <==>     <ModuleName>aquila_soc_mig_7series_0_0</ModuleName> 
MIG: 13:01:39 : ERR:     <Version>1.9</Version> <==>     <Version>4.1</Version> 
MIG: 13:01:39 : ################# RUNNING MIG BATCH ###################
MIG: 13:01:39 : Writing IN file for 'aquila_soc_mig_7series_0_0'...compDirPath: /tools/Xilinx5/Vivado/2018.2/data/ip/xilinx/mig_7series_v4_1... instDirPath: /home/hahaha/riscv/SD_card/Aquila/test_2/aquila-master/hw/aquila_soc/aquila_soc.srcs/sources_1/bd/aquila_soc/ip/aquila_soc_mig_7series_0_0
MIG: 13:01:39 : synp_flow:  -- synthesis_mode: Other
MIG: 13:01:39 : outputDirectory: /home/hahaha/riscv/SD_card/Aquila/test_2/aquila-master/hw/aquila_soc/aquila_soc.srcs/sources_1/bd/aquila_soc/ip/aquila_soc_mig_7series_0_0/_tmp/
MIG: 13:01:39 : vivado_mode: xpg_bd
MIG: 13:01:39 : isPortInterface: 0
MIG: 13:01:39 : isPortInterface: 0
MIG: 13:01:39 : isPortInterface: 0
MIG: 13:01:39 : isPortInterface: 0
MIG: 13:01:39 : isPortInterface: 0
MIG: 13:01:39 : isPortInterface: 0
MIG: 13:01:39 : isPortInterface: 0
MIG: 13:01:39 : isPortInterface: 0
MIG: 13:01:39 : isPortInterface: 0
MIG: 13:01:39 : isPortInterface: 0
MIG: 13:01:39 : isPortInterface: 0
MIG: 13:01:39 : isPortInterface: 0
MIG: 13:01:39 : isPortInterface: 0
MIG: 13:01:39 : isPortInterface: 0
MIG: 13:01:39 : isPortInterface: 0
MIG: 13:01:39 : isPortInterface: 0
MIG: 13:01:39 : isPortInterface: 0
MIG: 13:01:39 : isPortInterface: 0
MIG: 13:01:39 : isPortInterface: 0
MIG: 13:01:39 : isPortInterface: 0
MIG: 13:01:39 : isPortInterface: 0
MIG: 13:01:39 : isPortInterface: 0
MIG: 13:01:39 : isPortInterface: 0
MIG: 13:01:39 : isPortInterface: 0
MIG: 13:01:39 : isPortInterface: 0
MIG: 13:01:39 : isPortInterface: 0
MIG: 13:01:39 : isPortInterface: 0
MIG: 13:01:39 : isPortInterface: 0
MIG: 13:01:39 : isPortInterface: 0
MIG: 13:01:39 : isPortInterface: 0
MIG: 13:01:39 : isPortInterface: 0
MIG: 13:01:39 : isPortInterface: 0
MIG: 13:01:39 : isPortInterface: 0
MIG: 13:01:39 : isPortInterface: 0
MIG: 13:01:39 : isPortInterface: 0
MIG: 13:01:39 : isPortInterface: 0
MIG: 13:01:39 : isPortInterface: 0
MIG: 13:01:39 : isPortInterface: 0
MIG: 13:01:39 : isPortInterface: 0
MIG: 13:01:39 : isPortInterface: 0
MIG: 13:01:39 : isPortInterface: 0
MIG: 13:01:39 : isPortInterface: 0
MIG: 13:01:39 : isPortInterface: 0
MIG: 13:01:39 : isPortInterface: 0
MIG: 13:01:39 : isPortInterface: 0
MIG: 13:01:39 : isPortInterface: 0
MIG: 13:01:39 : isPortInterface: 0
MIG: 13:01:39 : isPortInterface: 0
MIG: 13:01:39 : isPortInterface: 0
MIG: 13:01:39 : isPortInterface: 0
MIG: 13:01:39 : isPortInterface: 0
MIG: 13:01:39 : isPortInterface: 0
MIG: 13:01:39 : isPortInterface: 0
MIG: 13:01:39 : isPortInterface: 0
MIG: 13:01:39 : isPortInterface: 0
MIG: 13:01:39 : isPortInterface: 0
MIG: 13:01:39 : isPortInterface: 0
MIG: 13:01:39 : isPortInterface: 0
MIG: 13:01:39 : isPortInterface: 0
MIG: 13:01:39 : isPortInterface: 0
MIG: 13:01:39 : isPortInterface: 0
MIG: 13:01:39 : isPortInterface: 0
MIG: 13:01:39 : isPortInterface: 0
MIG: 13:01:39 : isPortInterface: 0
MIG: 13:01:39 : isPortInterface: 0
MIG: 13:01:39 : isPortInterface: 0
MIG: 13:01:39 : isPortInterface: 0
MIG: 13:01:39 : isPortInterface: 0
MIG: 13:01:39 : isPortInterface: 0
MIG: 13:01:39 : isPortInterface: 0
MIG: 13:01:39 : isPortInterface: 0
MIG: 13:01:39 : isPortInterface: 0
MIG: 13:01:39 : isPortInterface: 0
MIG: 13:01:39 : isPortInterface: 0
MIG: 13:01:39 : isPortInterface: 0
MIG: 13:01:39 : isPortInterface: 0
MIG: 13:01:39 : isPortInterface: 0
MIG: 13:01:39 : isPortInterface: 0
MIG: 13:01:39 : isPortInterface: 0
MIG: 13:01:39 : isPortInterface: 0
MIG: 13:01:39 : isPortInterface: 0
MIG: 13:01:39 : isPortInterface: 0
MIG: 13:01:39 : isPortInterface: 0
MIG: 13:01:39 : isPortInterface: 0
MIG: 13:01:39 : isPortInterface: 0
MIG: 13:01:39 : isPortInterface: 0
MIG: 13:01:39 : isPortInterface: 0
MIG: 13:01:39 : isPortInterface: 0
MIG: 13:01:39 : isPortInterface: 0
MIG: 13:01:39 : isPortInterface: 0
MIG: 13:01:39 : isPortInterface: 0
MIG: 13:01:39 : isPortInterface: 0
MIG: 13:01:39 : isPortInterface: 0
MIG: 13:01:39 : isPortInterface: 0
MIG: 13:01:39 : isPortInterface: 0
MIG: 13:01:39 : isPortInterface: 0
MIG: 13:01:39 : isPortInterface: 0
MIG: 13:01:39 : isPortInterface: 0
MIG: 13:01:39 : isPortInterface: 0
MIG: 13:01:39 : isPortInterface: 0
MIG: 13:01:39 : isPortInterface: 0
MIG: 13:01:39 : isPortInterface: 0
MIG: 13:01:39 : isPortInterface: 0
MIG: 13:01:39 : isPortInterface: 0
MIG: 13:01:39 : isPortInterface: 0
MIG: 13:01:39 : isPortInterface: 0
MIG: 13:01:39 : isPortInterface: 0
MIG: 13:01:39 : isPortInterface: 0
MIG: 13:01:39 : isPortInterface: 0
MIG: 13:01:39 : isPortInterface: 0
MIG: 13:01:39 : isPortInterface: 0
MIG: 13:01:39 : isPortInterface: 0
MIG: 13:01:39 : isPortInterface: 0
MIG: 13:01:39 : isPortInterface: 0
MIG: 13:01:39 : isPortInterface: 0
MIG: 13:01:39 : isPortInterface: 0
MIG: 13:01:39 : isPortInterface: 0
MIG: 13:01:39 : isPortInterface: 0
MIG: 13:01:39 : isPortInterface: 0
MIG: 13:01:39 : isPortInterface: 0
MIG: 13:01:39 : isPortInterface: 0
MIG: 13:01:39 : isPortInterface: 0
MIG: 13:01:39 : isPortInterface: 0
MIG: 13:01:39 : isPortInterface: 0
MIG: 13:01:39 : isPortInterface: 0
MIG: 13:01:39 : isPortInterface: 0
MIG: 13:01:39 : isPortInterface: 0
MIG: 13:01:39 : isPortInterface: 0
MIG: 13:01:39 : isPortInterface: 0
MIG: 13:01:39 : isPortInterface: 0
MIG: 13:01:39 : isPortInterface: 0
MIG: 13:01:39 : isPortInterface: 0
MIG: 13:01:39 : isPortInterface: 0
MIG: 13:01:39 : isPortInterface: 0
MIG: 13:01:39 : isPortInterface: 0
MIG: 13:01:39 : isPortInterface: 0
MIG: 13:01:39 : isPortInterface: 0
MIG: 13:01:39 : isPortInterface: 0
MIG: 13:01:39 : isPortInterface: 0
MIG: 13:01:39 : isPortInterface: 0
MIG: 13:01:39 : isPortInterface: 0
MIG: 13:01:39 : isPortInterface: 0
MIG: 13:01:39 : isPortInterface: 0
MIG: 13:01:39 : isPortInterface: 0
MIG: 13:01:39 : isPortInterface: 0
MIG: 13:01:39 : isPortInterface: 0
MIG: 13:01:39 : isPortInterface: 0
MIG: 13:01:39 : isPortInterface: 0
MIG: 13:01:39 : isPortInterface: 0
MIG: 13:01:39 : isPortInterface: 0
MIG: 13:01:39 : isPortInterface: 0
MIG: 13:01:39 : isPortInterface: 0
MIG: 13:01:39 : isPortInterface: 0
MIG: 13:01:39 : isPortInterface: 0
MIG: 13:01:39 : isPortInterface: 0
MIG: 13:01:39 : isPortInterface: 0
MIG: 13:01:39 : isPortInterface: 0
MIG: 13:01:39 : isPortInterface: 0
MIG: 13:01:39 : isPortInterface: 0
MIG: 13:01:39 : isPortInterface: 0
MIG: 13:01:39 : isPortInterface: 0
MIG: 13:01:39 : isPortInterface: 0
MIG: 13:01:39 : isPortInterface: 0
MIG: 13:01:39 : isPortInterface: 0
MIG: 13:01:39 : isPortInterface: 0
MIG: 13:01:39 : isPortInterface: 0
MIG: 13:01:39 : isPortInterface: 0
MIG: 13:01:39 : isPortInterface: 0
MIG: 13:01:39 : isPortInterface: 0
MIG: 13:01:39 : isPortInterface: 0
MIG: 13:01:39 : isPortInterface: 0
MIG: 13:01:39 : isPortInterface: 0
MIG: 13:01:39 : isPortInterface: 0
MIG: 13:01:39 : isPortInterface: 0
MIG: 13:01:39 : isPortInterface: 0
MIG: 13:01:39 : isPortInterface: 0
MIG: 13:01:39 : isPortInterface: 0
MIG: 13:01:39 : isPortInterface: 0
MIG: 13:01:39 : isPortInterface: 0
MIG: 13:01:39 : isPortInterface: 0
MIG: 13:01:39 : isPortInterface: 0
MIG: 13:01:39 : isPortInterface: 0
MIG: 13:01:39 : isPortInterface: 0
MIG: 13:01:39 : isPortInterface: 0
MIG: 13:01:39 : isPortInterface: 0
MIG: 13:01:39 : isPortInterface: 0
MIG: 13:01:39 : isPortInterface: 0
MIG: 13:01:39 : isPortInterface: 0
MIG: 13:01:39 : isPortInterface: 0
MIG: 13:01:39 : isPortInterface: 0
MIG: 13:01:39 : isPortInterface: 0
MIG: 13:01:39 : isPortInterface: 0
MIG: 13:01:39 : isPortInterface: 1
MIG: 13:01:39 : isPortInterface: 0
MIG: 13:01:39 : isPortInterface: 0
MIG: 13:01:39 : isPortInterface: 0
MIG: 13:01:39 : isPortInterface: 0
MIG: 13:01:39 : isPortInterface: 0
MIG: 13:01:39 : isPortInterface: 0
MIG: 13:01:39 : isPortInterface: 0
MIG: 13:01:39 : isPortInterface: 0
MIG: 13:01:39 : isPortInterface: 0
MIG: 13:01:39 : isPortInterface: 0
MIG: 13:01:39 :  locked false  
MIG: 13:01:39 : HDL Language: Verilog
MIG: 13:01:39 : compInfo: false
MIG: 13:01:39 : Vivado Options xc7k325t ffg900 -2
MIG: 13:01:39 : 1: xc7k325t 2: ffg900 3: -2
MIG: 13:01:39 : relative mig path: coregen/ip/xilinx/other/com/xilinx/ip/mig_7series_v4_1/bin/lin64/mig
MIG: 13:01:39 : xilinx_path: /tools/Xilinx5/Vivado/2018.2/ids_lite/ISE
MIG: 13:01:39 : I am in catch area
MIG: 13:01:39 : Running /tools/Xilinx5/Vivado/2018.2/ids_lite/ISE/coregen/ip/xilinx/other/com/xilinx/ip/mig_7series_v4_1/bin/lin64/mig -cg_exc_inp /home/hahaha/riscv/SD_card/Aquila/test_2/aquila-master/hw/aquila_soc/aquila_soc.srcs/sources_1/bd/aquila_soc/ip/aquila_soc_mig_7series_0_0/xil_txt.in -cg_exc_out /home/hahaha/riscv/SD_card/Aquila/test_2/aquila-master/hw/aquila_soc/aquila_soc.srcs/sources_1/bd/aquila_soc/ip/aquila_soc_mig_7series_0_0/xil_txt.out ... 
MIG: 13:01:46 : XML_INPUT_FILE: /home/hahaha/riscv/SD_card/Aquila/test_2/aquila-master/hw/aquila_soc/aquila_soc.srcs/sources_1/bd/aquila_soc/ip/aquila_soc_mig_7series_0_0/board.prj
MIG: 13:01:46 : Component_Name: aquila_soc_mig_7series_0_0
MIG: 13:01:46 : Moving aquila_soc_mig_7series_0_0 ...
MIG: 13:01:46 : Moving aquila_soc_mig_7series_0_0_xmdf.tcl ...
MIG: 13:01:46 : Moving aquila_soc_mig_7series_0_0.veo ...
MIG: 13:01:46 : Running simulation.xit
MIG: 13:01:46 : IGN:     <ModuleName>sys_mb_ddr3_mig_1_1_0</ModuleName> <==>     <ModuleName>aquila_soc_mig_7series_0_0</ModuleName> 
MIG: 13:01:46 : ERR:     <Version>1.9</Version> <==>     <Version>4.1</Version> 
MIG: 13:01:46 : ################# RUNNING MIG BATCH ###################
MIG: 13:01:46 : Writing IN file for 'aquila_soc_mig_7series_0_0'...compDirPath: /tools/Xilinx5/Vivado/2018.2/data/ip/xilinx/mig_7series_v4_1... instDirPath: /home/hahaha/riscv/SD_card/Aquila/test_2/aquila-master/hw/aquila_soc/aquila_soc.srcs/sources_1/bd/aquila_soc/ip/aquila_soc_mig_7series_0_0
MIG: 13:01:46 : synp_flow:  -- synthesis_mode: Other
MIG: 13:01:46 : outputDirectory: /home/hahaha/riscv/SD_card/Aquila/test_2/aquila-master/hw/aquila_soc/aquila_soc.srcs/sources_1/bd/aquila_soc/ip/aquila_soc_mig_7series_0_0/_tmp/
MIG: 13:01:46 : vivado_mode: xpg_bd
MIG: 13:01:46 : isPortInterface: 0
MIG: 13:01:46 : isPortInterface: 0
MIG: 13:01:46 : isPortInterface: 0
MIG: 13:01:46 : isPortInterface: 0
MIG: 13:01:46 : isPortInterface: 0
MIG: 13:01:46 : isPortInterface: 0
MIG: 13:01:46 : isPortInterface: 0
MIG: 13:01:46 : isPortInterface: 0
MIG: 13:01:46 : isPortInterface: 0
MIG: 13:01:46 : isPortInterface: 0
MIG: 13:01:46 : isPortInterface: 0
MIG: 13:01:46 : isPortInterface: 0
MIG: 13:01:46 : isPortInterface: 0
MIG: 13:01:46 : isPortInterface: 0
MIG: 13:01:46 : isPortInterface: 0
MIG: 13:01:46 : isPortInterface: 0
MIG: 13:01:46 : isPortInterface: 0
MIG: 13:01:46 : isPortInterface: 0
MIG: 13:01:46 : isPortInterface: 0
MIG: 13:01:46 : isPortInterface: 0
MIG: 13:01:46 : isPortInterface: 0
MIG: 13:01:46 : isPortInterface: 0
MIG: 13:01:46 : isPortInterface: 0
MIG: 13:01:46 : isPortInterface: 0
MIG: 13:01:46 : isPortInterface: 0
MIG: 13:01:46 : isPortInterface: 0
MIG: 13:01:46 : isPortInterface: 0
MIG: 13:01:46 : isPortInterface: 0
MIG: 13:01:46 : isPortInterface: 0
MIG: 13:01:46 : isPortInterface: 0
MIG: 13:01:46 : isPortInterface: 0
MIG: 13:01:46 : isPortInterface: 0
MIG: 13:01:46 : isPortInterface: 0
MIG: 13:01:46 : isPortInterface: 0
MIG: 13:01:46 : isPortInterface: 0
MIG: 13:01:46 : isPortInterface: 0
MIG: 13:01:46 : isPortInterface: 0
MIG: 13:01:46 : isPortInterface: 0
MIG: 13:01:46 : isPortInterface: 0
MIG: 13:01:46 : isPortInterface: 0
MIG: 13:01:46 : isPortInterface: 0
MIG: 13:01:46 : isPortInterface: 0
MIG: 13:01:46 : isPortInterface: 0
MIG: 13:01:46 : isPortInterface: 0
MIG: 13:01:46 : isPortInterface: 0
MIG: 13:01:46 : isPortInterface: 0
MIG: 13:01:46 : isPortInterface: 0
MIG: 13:01:46 : isPortInterface: 0
MIG: 13:01:46 : isPortInterface: 0
MIG: 13:01:46 : isPortInterface: 0
MIG: 13:01:46 : isPortInterface: 0
MIG: 13:01:46 : isPortInterface: 0
MIG: 13:01:46 : isPortInterface: 0
MIG: 13:01:46 : isPortInterface: 0
MIG: 13:01:46 : isPortInterface: 0
MIG: 13:01:46 : isPortInterface: 0
MIG: 13:01:46 : isPortInterface: 0
MIG: 13:01:46 : isPortInterface: 0
MIG: 13:01:46 : isPortInterface: 0
MIG: 13:01:46 : isPortInterface: 0
MIG: 13:01:46 : isPortInterface: 0
MIG: 13:01:46 : isPortInterface: 0
MIG: 13:01:46 : isPortInterface: 0
MIG: 13:01:46 : isPortInterface: 0
MIG: 13:01:46 : isPortInterface: 0
MIG: 13:01:46 : isPortInterface: 0
MIG: 13:01:46 : isPortInterface: 0
MIG: 13:01:46 : isPortInterface: 0
MIG: 13:01:46 : isPortInterface: 0
MIG: 13:01:46 : isPortInterface: 0
MIG: 13:01:46 : isPortInterface: 0
MIG: 13:01:46 : isPortInterface: 0
MIG: 13:01:46 : isPortInterface: 0
MIG: 13:01:46 : isPortInterface: 0
MIG: 13:01:46 : isPortInterface: 0
MIG: 13:01:46 : isPortInterface: 0
MIG: 13:01:46 : isPortInterface: 0
MIG: 13:01:46 : isPortInterface: 0
MIG: 13:01:46 : isPortInterface: 0
MIG: 13:01:46 : isPortInterface: 0
MIG: 13:01:46 : isPortInterface: 0
MIG: 13:01:46 : isPortInterface: 0
MIG: 13:01:46 : isPortInterface: 0
MIG: 13:01:46 : isPortInterface: 0
MIG: 13:01:46 : isPortInterface: 0
MIG: 13:01:46 : isPortInterface: 0
MIG: 13:01:46 : isPortInterface: 0
MIG: 13:01:46 : isPortInterface: 0
MIG: 13:01:46 : isPortInterface: 0
MIG: 13:01:46 : isPortInterface: 0
MIG: 13:01:46 : isPortInterface: 0
MIG: 13:01:46 : isPortInterface: 0
MIG: 13:01:46 : isPortInterface: 0
MIG: 13:01:46 : isPortInterface: 0
MIG: 13:01:46 : isPortInterface: 0
MIG: 13:01:46 : isPortInterface: 0
MIG: 13:01:46 : isPortInterface: 0
MIG: 13:01:46 : isPortInterface: 0
MIG: 13:01:46 : isPortInterface: 0
MIG: 13:01:46 : isPortInterface: 0
MIG: 13:01:46 : isPortInterface: 0
MIG: 13:01:46 : isPortInterface: 0
MIG: 13:01:46 : isPortInterface: 0
MIG: 13:01:46 : isPortInterface: 0
MIG: 13:01:46 : isPortInterface: 0
MIG: 13:01:46 : isPortInterface: 0
MIG: 13:01:46 : isPortInterface: 0
MIG: 13:01:46 : isPortInterface: 0
MIG: 13:01:46 : isPortInterface: 0
MIG: 13:01:46 : isPortInterface: 0
MIG: 13:01:46 : isPortInterface: 0
MIG: 13:01:46 : isPortInterface: 0
MIG: 13:01:46 : isPortInterface: 0
MIG: 13:01:46 : isPortInterface: 0
MIG: 13:01:46 : isPortInterface: 0
MIG: 13:01:46 : isPortInterface: 0
MIG: 13:01:46 : isPortInterface: 0
MIG: 13:01:46 : isPortInterface: 0
MIG: 13:01:46 : isPortInterface: 0
MIG: 13:01:46 : isPortInterface: 0
MIG: 13:01:46 : isPortInterface: 0
MIG: 13:01:46 : isPortInterface: 0
MIG: 13:01:46 : isPortInterface: 0
MIG: 13:01:46 : isPortInterface: 0
MIG: 13:01:46 : isPortInterface: 0
MIG: 13:01:46 : isPortInterface: 0
MIG: 13:01:46 : isPortInterface: 0
MIG: 13:01:46 : isPortInterface: 0
MIG: 13:01:46 : isPortInterface: 0
MIG: 13:01:46 : isPortInterface: 0
MIG: 13:01:46 : isPortInterface: 0
MIG: 13:01:46 : isPortInterface: 0
MIG: 13:01:46 : isPortInterface: 0
MIG: 13:01:46 : isPortInterface: 0
MIG: 13:01:46 : isPortInterface: 0
MIG: 13:01:46 : isPortInterface: 0
MIG: 13:01:46 : isPortInterface: 0
MIG: 13:01:46 : isPortInterface: 0
MIG: 13:01:46 : isPortInterface: 0
MIG: 13:01:46 : isPortInterface: 0
MIG: 13:01:46 : isPortInterface: 0
MIG: 13:01:46 : isPortInterface: 0
MIG: 13:01:46 : isPortInterface: 0
MIG: 13:01:46 : isPortInterface: 0
MIG: 13:01:46 : isPortInterface: 0
MIG: 13:01:46 : isPortInterface: 0
MIG: 13:01:46 : isPortInterface: 0
MIG: 13:01:46 : isPortInterface: 0
MIG: 13:01:46 : isPortInterface: 0
MIG: 13:01:46 : isPortInterface: 0
MIG: 13:01:46 : isPortInterface: 0
MIG: 13:01:46 : isPortInterface: 0
MIG: 13:01:46 : isPortInterface: 0
MIG: 13:01:46 : isPortInterface: 0
MIG: 13:01:46 : isPortInterface: 0
MIG: 13:01:46 : isPortInterface: 0
MIG: 13:01:46 : isPortInterface: 0
MIG: 13:01:46 : isPortInterface: 0
MIG: 13:01:46 : isPortInterface: 0
MIG: 13:01:46 : isPortInterface: 0
MIG: 13:01:46 : isPortInterface: 0
MIG: 13:01:46 : isPortInterface: 0
MIG: 13:01:46 : isPortInterface: 0
MIG: 13:01:46 : isPortInterface: 0
MIG: 13:01:46 : isPortInterface: 0
MIG: 13:01:46 : isPortInterface: 0
MIG: 13:01:46 : isPortInterface: 0
MIG: 13:01:46 : isPortInterface: 0
MIG: 13:01:46 : isPortInterface: 0
MIG: 13:01:46 : isPortInterface: 0
MIG: 13:01:46 : isPortInterface: 0
MIG: 13:01:46 : isPortInterface: 0
MIG: 13:01:46 : isPortInterface: 0
MIG: 13:01:46 : isPortInterface: 0
MIG: 13:01:46 : isPortInterface: 0
MIG: 13:01:46 : isPortInterface: 0
MIG: 13:01:46 : isPortInterface: 0
MIG: 13:01:46 : isPortInterface: 0
MIG: 13:01:46 : isPortInterface: 0
MIG: 13:01:46 : isPortInterface: 0
MIG: 13:01:46 : isPortInterface: 0
MIG: 13:01:46 : isPortInterface: 0
MIG: 13:01:46 : isPortInterface: 0
MIG: 13:01:46 : isPortInterface: 0
MIG: 13:01:46 : isPortInterface: 0
MIG: 13:01:46 : isPortInterface: 0
MIG: 13:01:46 : isPortInterface: 0
MIG: 13:01:46 : isPortInterface: 0
MIG: 13:01:46 : isPortInterface: 0
MIG: 13:01:46 : isPortInterface: 0
MIG: 13:01:46 : isPortInterface: 0
MIG: 13:01:46 : isPortInterface: 0
MIG: 13:01:46 : isPortInterface: 1
MIG: 13:01:46 : isPortInterface: 0
MIG: 13:01:46 : isPortInterface: 0
MIG: 13:01:46 : isPortInterface: 0
MIG: 13:01:46 : isPortInterface: 0
MIG: 13:01:46 : isPortInterface: 0
MIG: 13:01:46 : isPortInterface: 0
MIG: 13:01:46 : isPortInterface: 0
MIG: 13:01:46 : isPortInterface: 0
MIG: 13:01:46 : isPortInterface: 0
MIG: 13:01:46 : isPortInterface: 0
MIG: 13:01:46 :  locked false  
MIG: 13:01:46 : HDL Language: Verilog
MIG: 13:01:46 : compInfo: false
MIG: 13:01:46 : Vivado Options xc7k325t ffg900 -2
MIG: 13:01:46 : 1: xc7k325t 2: ffg900 3: -2
MIG: 13:01:46 : relative mig path: coregen/ip/xilinx/other/com/xilinx/ip/mig_7series_v4_1/bin/lin64/mig
MIG: 13:01:46 : xilinx_path: /tools/Xilinx5/Vivado/2018.2/ids_lite/ISE
MIG: 13:01:46 : I am in catch area
MIG: 13:01:46 : Running /tools/Xilinx5/Vivado/2018.2/ids_lite/ISE/coregen/ip/xilinx/other/com/xilinx/ip/mig_7series_v4_1/bin/lin64/mig -cg_exc_inp /home/hahaha/riscv/SD_card/Aquila/test_2/aquila-master/hw/aquila_soc/aquila_soc.srcs/sources_1/bd/aquila_soc/ip/aquila_soc_mig_7series_0_0/xil_txt.in -cg_exc_out /home/hahaha/riscv/SD_card/Aquila/test_2/aquila-master/hw/aquila_soc/aquila_soc.srcs/sources_1/bd/aquila_soc/ip/aquila_soc_mig_7series_0_0/xil_txt.out ... 
MIG: 13:01:53 : XML_INPUT_FILE: /home/hahaha/riscv/SD_card/Aquila/test_2/aquila-master/hw/aquila_soc/aquila_soc.srcs/sources_1/bd/aquila_soc/ip/aquila_soc_mig_7series_0_0/board.prj
MIG: 13:01:53 : Component_Name: aquila_soc_mig_7series_0_0
MIG: 13:01:53 : Moving aquila_soc_mig_7series_0_0 ...
MIG: 13:01:53 : Moving aquila_soc_mig_7series_0_0_xmdf.tcl ...
MIG: 13:01:53 : Moving aquila_soc_mig_7series_0_0.veo ...
MIG: 13:01:53 : Running vlog_sim_rpr.xit .. PRASAD DBG1
MIG: 13:01:53 : IGN:     <ModuleName>sys_mb_ddr3_mig_1_1_0</ModuleName> <==>     <ModuleName>aquila_soc_mig_7series_0_0</ModuleName> 
MIG: 13:01:53 : ERR:     <Version>1.9</Version> <==>     <Version>4.1</Version> 
MIG: 13:01:53 : ################# RUNNING MIG BATCH ###################
MIG: 13:01:53 : Writing IN file for 'aquila_soc_mig_7series_0_0'...compDirPath: /tools/Xilinx5/Vivado/2018.2/data/ip/xilinx/mig_7series_v4_1... instDirPath: /home/hahaha/riscv/SD_card/Aquila/test_2/aquila-master/hw/aquila_soc/aquila_soc.srcs/sources_1/bd/aquila_soc/ip/aquila_soc_mig_7series_0_0
MIG: 13:01:53 : synp_flow:  -- synthesis_mode: Other
MIG: 13:01:53 : outputDirectory: /home/hahaha/riscv/SD_card/Aquila/test_2/aquila-master/hw/aquila_soc/aquila_soc.srcs/sources_1/bd/aquila_soc/ip/aquila_soc_mig_7series_0_0/_tmp/
MIG: 13:01:53 : vivado_mode: xpg_bd
MIG: 13:01:53 : isPortInterface: 0
MIG: 13:01:53 : isPortInterface: 0
MIG: 13:01:53 : isPortInterface: 0
MIG: 13:01:53 : isPortInterface: 0
MIG: 13:01:53 : isPortInterface: 0
MIG: 13:01:53 : isPortInterface: 0
MIG: 13:01:53 : isPortInterface: 0
MIG: 13:01:53 : isPortInterface: 0
MIG: 13:01:53 : isPortInterface: 0
MIG: 13:01:53 : isPortInterface: 0
MIG: 13:01:53 : isPortInterface: 0
MIG: 13:01:53 : isPortInterface: 0
MIG: 13:01:53 : isPortInterface: 0
MIG: 13:01:53 : isPortInterface: 0
MIG: 13:01:53 : isPortInterface: 0
MIG: 13:01:53 : isPortInterface: 0
MIG: 13:01:53 : isPortInterface: 0
MIG: 13:01:53 : isPortInterface: 0
MIG: 13:01:53 : isPortInterface: 0
MIG: 13:01:53 : isPortInterface: 0
MIG: 13:01:53 : isPortInterface: 0
MIG: 13:01:53 : isPortInterface: 0
MIG: 13:01:53 : isPortInterface: 0
MIG: 13:01:53 : isPortInterface: 0
MIG: 13:01:53 : isPortInterface: 0
MIG: 13:01:53 : isPortInterface: 0
MIG: 13:01:53 : isPortInterface: 0
MIG: 13:01:53 : isPortInterface: 0
MIG: 13:01:53 : isPortInterface: 0
MIG: 13:01:53 : isPortInterface: 0
MIG: 13:01:53 : isPortInterface: 0
MIG: 13:01:53 : isPortInterface: 0
MIG: 13:01:53 : isPortInterface: 0
MIG: 13:01:53 : isPortInterface: 0
MIG: 13:01:53 : isPortInterface: 0
MIG: 13:01:53 : isPortInterface: 0
MIG: 13:01:53 : isPortInterface: 0
MIG: 13:01:53 : isPortInterface: 0
MIG: 13:01:53 : isPortInterface: 0
MIG: 13:01:53 : isPortInterface: 0
MIG: 13:01:53 : isPortInterface: 0
MIG: 13:01:53 : isPortInterface: 0
MIG: 13:01:53 : isPortInterface: 0
MIG: 13:01:53 : isPortInterface: 0
MIG: 13:01:53 : isPortInterface: 0
MIG: 13:01:53 : isPortInterface: 0
MIG: 13:01:53 : isPortInterface: 0
MIG: 13:01:53 : isPortInterface: 0
MIG: 13:01:53 : isPortInterface: 0
MIG: 13:01:53 : isPortInterface: 0
MIG: 13:01:53 : isPortInterface: 0
MIG: 13:01:53 : isPortInterface: 0
MIG: 13:01:53 : isPortInterface: 0
MIG: 13:01:53 : isPortInterface: 0
MIG: 13:01:53 : isPortInterface: 0
MIG: 13:01:53 : isPortInterface: 0
MIG: 13:01:53 : isPortInterface: 0
MIG: 13:01:53 : isPortInterface: 0
MIG: 13:01:53 : isPortInterface: 0
MIG: 13:01:53 : isPortInterface: 0
MIG: 13:01:53 : isPortInterface: 0
MIG: 13:01:53 : isPortInterface: 0
MIG: 13:01:53 : isPortInterface: 0
MIG: 13:01:53 : isPortInterface: 0
MIG: 13:01:53 : isPortInterface: 0
MIG: 13:01:53 : isPortInterface: 0
MIG: 13:01:53 : isPortInterface: 0
MIG: 13:01:53 : isPortInterface: 0
MIG: 13:01:53 : isPortInterface: 0
MIG: 13:01:53 : isPortInterface: 0
MIG: 13:01:53 : isPortInterface: 0
MIG: 13:01:53 : isPortInterface: 0
MIG: 13:01:53 : isPortInterface: 0
MIG: 13:01:53 : isPortInterface: 0
MIG: 13:01:53 : isPortInterface: 0
MIG: 13:01:53 : isPortInterface: 0
MIG: 13:01:53 : isPortInterface: 0
MIG: 13:01:53 : isPortInterface: 0
MIG: 13:01:53 : isPortInterface: 0
MIG: 13:01:53 : isPortInterface: 0
MIG: 13:01:53 : isPortInterface: 0
MIG: 13:01:53 : isPortInterface: 0
MIG: 13:01:53 : isPortInterface: 0
MIG: 13:01:53 : isPortInterface: 0
MIG: 13:01:53 : isPortInterface: 0
MIG: 13:01:53 : isPortInterface: 0
MIG: 13:01:53 : isPortInterface: 0
MIG: 13:01:53 : isPortInterface: 0
MIG: 13:01:53 : isPortInterface: 0
MIG: 13:01:53 : isPortInterface: 0
MIG: 13:01:53 : isPortInterface: 0
MIG: 13:01:53 : isPortInterface: 0
MIG: 13:01:53 : isPortInterface: 0
MIG: 13:01:53 : isPortInterface: 0
MIG: 13:01:53 : isPortInterface: 0
MIG: 13:01:53 : isPortInterface: 0
MIG: 13:01:53 : isPortInterface: 0
MIG: 13:01:53 : isPortInterface: 0
MIG: 13:01:53 : isPortInterface: 0
MIG: 13:01:53 : isPortInterface: 0
MIG: 13:01:53 : isPortInterface: 0
MIG: 13:01:53 : isPortInterface: 0
MIG: 13:01:53 : isPortInterface: 0
MIG: 13:01:53 : isPortInterface: 0
MIG: 13:01:53 : isPortInterface: 0
MIG: 13:01:53 : isPortInterface: 0
MIG: 13:01:53 : isPortInterface: 0
MIG: 13:01:53 : isPortInterface: 0
MIG: 13:01:53 : isPortInterface: 0
MIG: 13:01:53 : isPortInterface: 0
MIG: 13:01:53 : isPortInterface: 0
MIG: 13:01:53 : isPortInterface: 0
MIG: 13:01:53 : isPortInterface: 0
MIG: 13:01:53 : isPortInterface: 0
MIG: 13:01:53 : isPortInterface: 0
MIG: 13:01:53 : isPortInterface: 0
MIG: 13:01:53 : isPortInterface: 0
MIG: 13:01:53 : isPortInterface: 0
MIG: 13:01:53 : isPortInterface: 0
MIG: 13:01:53 : isPortInterface: 0
MIG: 13:01:53 : isPortInterface: 0
MIG: 13:01:53 : isPortInterface: 0
MIG: 13:01:53 : isPortInterface: 0
MIG: 13:01:53 : isPortInterface: 0
MIG: 13:01:53 : isPortInterface: 0
MIG: 13:01:53 : isPortInterface: 0
MIG: 13:01:53 : isPortInterface: 0
MIG: 13:01:53 : isPortInterface: 0
MIG: 13:01:53 : isPortInterface: 0
MIG: 13:01:53 : isPortInterface: 0
MIG: 13:01:53 : isPortInterface: 0
MIG: 13:01:53 : isPortInterface: 0
MIG: 13:01:53 : isPortInterface: 0
MIG: 13:01:53 : isPortInterface: 0
MIG: 13:01:53 : isPortInterface: 0
MIG: 13:01:53 : isPortInterface: 0
MIG: 13:01:53 : isPortInterface: 0
MIG: 13:01:53 : isPortInterface: 0
MIG: 13:01:53 : isPortInterface: 0
MIG: 13:01:53 : isPortInterface: 0
MIG: 13:01:53 : isPortInterface: 0
MIG: 13:01:53 : isPortInterface: 0
MIG: 13:01:53 : isPortInterface: 0
MIG: 13:01:53 : isPortInterface: 0
MIG: 13:01:53 : isPortInterface: 0
MIG: 13:01:53 : isPortInterface: 0
MIG: 13:01:53 : isPortInterface: 0
MIG: 13:01:53 : isPortInterface: 0
MIG: 13:01:53 : isPortInterface: 0
MIG: 13:01:53 : isPortInterface: 0
MIG: 13:01:53 : isPortInterface: 0
MIG: 13:01:53 : isPortInterface: 0
MIG: 13:01:53 : isPortInterface: 0
MIG: 13:01:53 : isPortInterface: 0
MIG: 13:01:53 : isPortInterface: 0
MIG: 13:01:53 : isPortInterface: 0
MIG: 13:01:53 : isPortInterface: 0
MIG: 13:01:53 : isPortInterface: 0
MIG: 13:01:53 : isPortInterface: 0
MIG: 13:01:53 : isPortInterface: 0
MIG: 13:01:53 : isPortInterface: 0
MIG: 13:01:53 : isPortInterface: 0
MIG: 13:01:53 : isPortInterface: 0
MIG: 13:01:53 : isPortInterface: 0
MIG: 13:01:53 : isPortInterface: 0
MIG: 13:01:53 : isPortInterface: 0
MIG: 13:01:53 : isPortInterface: 0
MIG: 13:01:53 : isPortInterface: 0
MIG: 13:01:53 : isPortInterface: 0
MIG: 13:01:53 : isPortInterface: 0
MIG: 13:01:53 : isPortInterface: 0
MIG: 13:01:53 : isPortInterface: 0
MIG: 13:01:53 : isPortInterface: 0
MIG: 13:01:53 : isPortInterface: 0
MIG: 13:01:53 : isPortInterface: 0
MIG: 13:01:53 : isPortInterface: 0
MIG: 13:01:53 : isPortInterface: 0
MIG: 13:01:53 : isPortInterface: 0
MIG: 13:01:53 : isPortInterface: 0
MIG: 13:01:53 : isPortInterface: 0
MIG: 13:01:53 : isPortInterface: 0
MIG: 13:01:53 : isPortInterface: 0
MIG: 13:01:53 : isPortInterface: 0
MIG: 13:01:53 : isPortInterface: 0
MIG: 13:01:53 : isPortInterface: 0
MIG: 13:01:53 : isPortInterface: 0
MIG: 13:01:53 : isPortInterface: 0
MIG: 13:01:53 : isPortInterface: 0
MIG: 13:01:53 : isPortInterface: 0
MIG: 13:01:53 : isPortInterface: 0
MIG: 13:01:53 : isPortInterface: 0
MIG: 13:01:53 : isPortInterface: 0
MIG: 13:01:53 : isPortInterface: 1
MIG: 13:01:53 : isPortInterface: 0
MIG: 13:01:53 : isPortInterface: 0
MIG: 13:01:53 : isPortInterface: 0
MIG: 13:01:53 : isPortInterface: 0
MIG: 13:01:53 : isPortInterface: 0
MIG: 13:01:53 : isPortInterface: 0
MIG: 13:01:53 : isPortInterface: 0
MIG: 13:01:53 : isPortInterface: 0
MIG: 13:01:53 : isPortInterface: 0
MIG: 13:01:53 : isPortInterface: 0
MIG: 13:01:53 :  locked false  
MIG: 13:01:53 : HDL Language: Verilog
MIG: 13:01:53 : compInfo: false
MIG: 13:01:53 : Vivado Options xc7k325t ffg900 -2
MIG: 13:01:53 : 1: xc7k325t 2: ffg900 3: -2
MIG: 13:01:53 : relative mig path: coregen/ip/xilinx/other/com/xilinx/ip/mig_7series_v4_1/bin/lin64/mig
MIG: 13:01:53 : xilinx_path: /tools/Xilinx5/Vivado/2018.2/ids_lite/ISE
MIG: 13:01:53 : I am in catch area
MIG: 13:01:53 : Running /tools/Xilinx5/Vivado/2018.2/ids_lite/ISE/coregen/ip/xilinx/other/com/xilinx/ip/mig_7series_v4_1/bin/lin64/mig -cg_exc_inp /home/hahaha/riscv/SD_card/Aquila/test_2/aquila-master/hw/aquila_soc/aquila_soc.srcs/sources_1/bd/aquila_soc/ip/aquila_soc_mig_7series_0_0/xil_txt.in -cg_exc_out /home/hahaha/riscv/SD_card/Aquila/test_2/aquila-master/hw/aquila_soc/aquila_soc.srcs/sources_1/bd/aquila_soc/ip/aquila_soc_mig_7series_0_0/xil_txt.out ... 
MIG: 13:02:00 : XML_INPUT_FILE: /home/hahaha/riscv/SD_card/Aquila/test_2/aquila-master/hw/aquila_soc/aquila_soc.srcs/sources_1/bd/aquila_soc/ip/aquila_soc_mig_7series_0_0/board.prj
MIG: 13:02:00 : Component_Name: aquila_soc_mig_7series_0_0
MIG: 13:02:00 : Moving aquila_soc_mig_7series_0_0 ...
MIG: 13:02:00 : Moving aquila_soc_mig_7series_0_0_xmdf.tcl ...
MIG: 13:02:00 : Moving aquila_soc_mig_7series_0_0.veo ...
MIG: 13:02:00 : Running implementation.xit
MIG: 13:02:00 : IGN:     <ModuleName>sys_mb_ddr3_mig_1_1_0</ModuleName> <==>     <ModuleName>aquila_soc_mig_7series_0_0</ModuleName> 
MIG: 13:02:00 : ERR:     <Version>1.9</Version> <==>     <Version>4.1</Version> 
MIG: 13:02:00 : ################# RUNNING MIG BATCH ###################
MIG: 13:02:00 : Writing IN file for 'aquila_soc_mig_7series_0_0'...compDirPath: /tools/Xilinx5/Vivado/2018.2/data/ip/xilinx/mig_7series_v4_1... instDirPath: /home/hahaha/riscv/SD_card/Aquila/test_2/aquila-master/hw/aquila_soc/aquila_soc.srcs/sources_1/bd/aquila_soc/ip/aquila_soc_mig_7series_0_0
MIG: 13:02:00 : synp_flow:  -- synthesis_mode: Other
MIG: 13:02:00 : outputDirectory: /home/hahaha/riscv/SD_card/Aquila/test_2/aquila-master/hw/aquila_soc/aquila_soc.srcs/sources_1/bd/aquila_soc/ip/aquila_soc_mig_7series_0_0/_tmp/
MIG: 13:02:00 : vivado_mode: xpg_bd
MIG: 13:02:00 : isPortInterface: 0
MIG: 13:02:00 : isPortInterface: 0
MIG: 13:02:00 : isPortInterface: 0
MIG: 13:02:00 : isPortInterface: 0
MIG: 13:02:00 : isPortInterface: 0
MIG: 13:02:00 : isPortInterface: 0
MIG: 13:02:00 : isPortInterface: 0
MIG: 13:02:00 : isPortInterface: 0
MIG: 13:02:00 : isPortInterface: 0
MIG: 13:02:00 : isPortInterface: 0
MIG: 13:02:00 : isPortInterface: 0
MIG: 13:02:00 : isPortInterface: 0
MIG: 13:02:00 : isPortInterface: 0
MIG: 13:02:00 : isPortInterface: 0
MIG: 13:02:00 : isPortInterface: 0
MIG: 13:02:00 : isPortInterface: 0
MIG: 13:02:00 : isPortInterface: 0
MIG: 13:02:00 : isPortInterface: 0
MIG: 13:02:00 : isPortInterface: 0
MIG: 13:02:00 : isPortInterface: 0
MIG: 13:02:00 : isPortInterface: 0
MIG: 13:02:00 : isPortInterface: 0
MIG: 13:02:00 : isPortInterface: 0
MIG: 13:02:00 : isPortInterface: 0
MIG: 13:02:00 : isPortInterface: 0
MIG: 13:02:00 : isPortInterface: 0
MIG: 13:02:00 : isPortInterface: 0
MIG: 13:02:00 : isPortInterface: 0
MIG: 13:02:00 : isPortInterface: 0
MIG: 13:02:00 : isPortInterface: 0
MIG: 13:02:00 : isPortInterface: 0
MIG: 13:02:00 : isPortInterface: 0
MIG: 13:02:00 : isPortInterface: 0
MIG: 13:02:00 : isPortInterface: 0
MIG: 13:02:00 : isPortInterface: 0
MIG: 13:02:00 : isPortInterface: 0
MIG: 13:02:00 : isPortInterface: 0
MIG: 13:02:00 : isPortInterface: 0
MIG: 13:02:00 : isPortInterface: 0
MIG: 13:02:00 : isPortInterface: 0
MIG: 13:02:00 : isPortInterface: 0
MIG: 13:02:00 : isPortInterface: 0
MIG: 13:02:00 : isPortInterface: 0
MIG: 13:02:00 : isPortInterface: 0
MIG: 13:02:00 : isPortInterface: 0
MIG: 13:02:00 : isPortInterface: 0
MIG: 13:02:00 : isPortInterface: 0
MIG: 13:02:00 : isPortInterface: 0
MIG: 13:02:00 : isPortInterface: 0
MIG: 13:02:00 : isPortInterface: 0
MIG: 13:02:00 : isPortInterface: 0
MIG: 13:02:00 : isPortInterface: 0
MIG: 13:02:00 : isPortInterface: 0
MIG: 13:02:00 : isPortInterface: 0
MIG: 13:02:00 : isPortInterface: 0
MIG: 13:02:00 : isPortInterface: 0
MIG: 13:02:00 : isPortInterface: 0
MIG: 13:02:00 : isPortInterface: 0
MIG: 13:02:00 : isPortInterface: 0
MIG: 13:02:00 : isPortInterface: 0
MIG: 13:02:00 : isPortInterface: 0
MIG: 13:02:00 : isPortInterface: 0
MIG: 13:02:00 : isPortInterface: 0
MIG: 13:02:00 : isPortInterface: 0
MIG: 13:02:00 : isPortInterface: 0
MIG: 13:02:00 : isPortInterface: 0
MIG: 13:02:00 : isPortInterface: 0
MIG: 13:02:00 : isPortInterface: 0
MIG: 13:02:00 : isPortInterface: 0
MIG: 13:02:00 : isPortInterface: 0
MIG: 13:02:00 : isPortInterface: 0
MIG: 13:02:00 : isPortInterface: 0
MIG: 13:02:00 : isPortInterface: 0
MIG: 13:02:00 : isPortInterface: 0
MIG: 13:02:00 : isPortInterface: 0
MIG: 13:02:00 : isPortInterface: 0
MIG: 13:02:00 : isPortInterface: 0
MIG: 13:02:00 : isPortInterface: 0
MIG: 13:02:00 : isPortInterface: 0
MIG: 13:02:00 : isPortInterface: 0
MIG: 13:02:00 : isPortInterface: 0
MIG: 13:02:00 : isPortInterface: 0
MIG: 13:02:00 : isPortInterface: 0
MIG: 13:02:00 : isPortInterface: 0
MIG: 13:02:00 : isPortInterface: 0
MIG: 13:02:00 : isPortInterface: 0
MIG: 13:02:00 : isPortInterface: 0
MIG: 13:02:00 : isPortInterface: 0
MIG: 13:02:00 : isPortInterface: 0
MIG: 13:02:00 : isPortInterface: 0
MIG: 13:02:00 : isPortInterface: 0
MIG: 13:02:00 : isPortInterface: 0
MIG: 13:02:00 : isPortInterface: 0
MIG: 13:02:00 : isPortInterface: 0
MIG: 13:02:00 : isPortInterface: 0
MIG: 13:02:00 : isPortInterface: 0
MIG: 13:02:00 : isPortInterface: 0
MIG: 13:02:00 : isPortInterface: 0
MIG: 13:02:00 : isPortInterface: 0
MIG: 13:02:00 : isPortInterface: 0
MIG: 13:02:00 : isPortInterface: 0
MIG: 13:02:00 : isPortInterface: 0
MIG: 13:02:00 : isPortInterface: 0
MIG: 13:02:00 : isPortInterface: 0
MIG: 13:02:00 : isPortInterface: 0
MIG: 13:02:00 : isPortInterface: 0
MIG: 13:02:00 : isPortInterface: 0
MIG: 13:02:00 : isPortInterface: 0
MIG: 13:02:00 : isPortInterface: 0
MIG: 13:02:00 : isPortInterface: 0
MIG: 13:02:00 : isPortInterface: 0
MIG: 13:02:00 : isPortInterface: 0
MIG: 13:02:00 : isPortInterface: 0
MIG: 13:02:00 : isPortInterface: 0
MIG: 13:02:00 : isPortInterface: 0
MIG: 13:02:00 : isPortInterface: 0
MIG: 13:02:00 : isPortInterface: 0
MIG: 13:02:00 : isPortInterface: 0
MIG: 13:02:00 : isPortInterface: 0
MIG: 13:02:00 : isPortInterface: 0
MIG: 13:02:00 : isPortInterface: 0
MIG: 13:02:00 : isPortInterface: 0
MIG: 13:02:00 : isPortInterface: 0
MIG: 13:02:00 : isPortInterface: 0
MIG: 13:02:00 : isPortInterface: 0
MIG: 13:02:00 : isPortInterface: 0
MIG: 13:02:00 : isPortInterface: 0
MIG: 13:02:00 : isPortInterface: 0
MIG: 13:02:00 : isPortInterface: 0
MIG: 13:02:00 : isPortInterface: 0
MIG: 13:02:00 : isPortInterface: 0
MIG: 13:02:00 : isPortInterface: 0
MIG: 13:02:00 : isPortInterface: 0
MIG: 13:02:00 : isPortInterface: 0
MIG: 13:02:00 : isPortInterface: 0
MIG: 13:02:00 : isPortInterface: 0
MIG: 13:02:00 : isPortInterface: 0
MIG: 13:02:00 : isPortInterface: 0
MIG: 13:02:00 : isPortInterface: 0
MIG: 13:02:00 : isPortInterface: 0
MIG: 13:02:00 : isPortInterface: 0
MIG: 13:02:00 : isPortInterface: 0
MIG: 13:02:00 : isPortInterface: 0
MIG: 13:02:00 : isPortInterface: 0
MIG: 13:02:00 : isPortInterface: 0
MIG: 13:02:00 : isPortInterface: 0
MIG: 13:02:00 : isPortInterface: 0
MIG: 13:02:00 : isPortInterface: 0
MIG: 13:02:00 : isPortInterface: 0
MIG: 13:02:00 : isPortInterface: 0
MIG: 13:02:00 : isPortInterface: 0
MIG: 13:02:00 : isPortInterface: 0
MIG: 13:02:00 : isPortInterface: 0
MIG: 13:02:00 : isPortInterface: 0
MIG: 13:02:00 : isPortInterface: 0
MIG: 13:02:00 : isPortInterface: 0
MIG: 13:02:00 : isPortInterface: 0
MIG: 13:02:00 : isPortInterface: 0
MIG: 13:02:00 : isPortInterface: 0
MIG: 13:02:00 : isPortInterface: 0
MIG: 13:02:00 : isPortInterface: 0
MIG: 13:02:00 : isPortInterface: 0
MIG: 13:02:00 : isPortInterface: 0
MIG: 13:02:00 : isPortInterface: 0
MIG: 13:02:00 : isPortInterface: 0
MIG: 13:02:00 : isPortInterface: 0
MIG: 13:02:00 : isPortInterface: 0
MIG: 13:02:00 : isPortInterface: 0
MIG: 13:02:00 : isPortInterface: 0
MIG: 13:02:00 : isPortInterface: 0
MIG: 13:02:00 : isPortInterface: 0
MIG: 13:02:00 : isPortInterface: 0
MIG: 13:02:00 : isPortInterface: 0
MIG: 13:02:00 : isPortInterface: 0
MIG: 13:02:00 : isPortInterface: 0
MIG: 13:02:00 : isPortInterface: 0
MIG: 13:02:00 : isPortInterface: 0
MIG: 13:02:00 : isPortInterface: 0
MIG: 13:02:00 : isPortInterface: 0
MIG: 13:02:00 : isPortInterface: 0
MIG: 13:02:00 : isPortInterface: 0
MIG: 13:02:00 : isPortInterface: 0
MIG: 13:02:00 : isPortInterface: 0
MIG: 13:02:00 : isPortInterface: 0
MIG: 13:02:00 : isPortInterface: 0
MIG: 13:02:00 : isPortInterface: 0
MIG: 13:02:00 : isPortInterface: 0
MIG: 13:02:00 : isPortInterface: 0
MIG: 13:02:00 : isPortInterface: 0
MIG: 13:02:00 : isPortInterface: 0
MIG: 13:02:00 : isPortInterface: 0
MIG: 13:02:00 : isPortInterface: 0
MIG: 13:02:00 : isPortInterface: 1
MIG: 13:02:00 : isPortInterface: 0
MIG: 13:02:00 : isPortInterface: 0
MIG: 13:02:00 : isPortInterface: 0
MIG: 13:02:00 : isPortInterface: 0
MIG: 13:02:00 : isPortInterface: 0
MIG: 13:02:00 : isPortInterface: 0
MIG: 13:02:00 : isPortInterface: 0
MIG: 13:02:00 : isPortInterface: 0
MIG: 13:02:00 : isPortInterface: 0
MIG: 13:02:00 : isPortInterface: 0
MIG: 13:02:00 :  locked false  
MIG: 13:02:00 : HDL Language: Verilog
MIG: 13:02:00 : compInfo: false
MIG: 13:02:00 : Vivado Options xc7k325t ffg900 -2
MIG: 13:02:00 : 1: xc7k325t 2: ffg900 3: -2
MIG: 13:02:00 : relative mig path: coregen/ip/xilinx/other/com/xilinx/ip/mig_7series_v4_1/bin/lin64/mig
MIG: 13:02:00 : xilinx_path: /tools/Xilinx5/Vivado/2018.2/ids_lite/ISE
MIG: 13:02:00 : I am in catch area
MIG: 13:02:00 : Running /tools/Xilinx5/Vivado/2018.2/ids_lite/ISE/coregen/ip/xilinx/other/com/xilinx/ip/mig_7series_v4_1/bin/lin64/mig -cg_exc_inp /home/hahaha/riscv/SD_card/Aquila/test_2/aquila-master/hw/aquila_soc/aquila_soc.srcs/sources_1/bd/aquila_soc/ip/aquila_soc_mig_7series_0_0/xil_txt.in -cg_exc_out /home/hahaha/riscv/SD_card/Aquila/test_2/aquila-master/hw/aquila_soc/aquila_soc.srcs/sources_1/bd/aquila_soc/ip/aquila_soc_mig_7series_0_0/xil_txt.out ... 
MIG: 13:02:07 : XML_INPUT_FILE: /home/hahaha/riscv/SD_card/Aquila/test_2/aquila-master/hw/aquila_soc/aquila_soc.srcs/sources_1/bd/aquila_soc/ip/aquila_soc_mig_7series_0_0/board.prj
MIG: 13:02:07 : Component_Name: aquila_soc_mig_7series_0_0
MIG: 13:02:07 : Moving aquila_soc_mig_7series_0_0 ...
MIG: 13:02:07 : Moving aquila_soc_mig_7series_0_0_xmdf.tcl ...
MIG: 13:02:07 : Moving aquila_soc_mig_7series_0_0.veo ...
